[0.100s] Invoking command in '/home/shahrukh/ws_magna/build/magna_moveit': CMAKE_PREFIX_PATH=${CMAKE_PREFIX_PATH}:/home/shahrukh/ws_moveit2/install/moveit_configs_utils:/home/shahrukh/ws_moveit2/install/launch_param_builder:/opt/ros/humble /usr/bin/cmake /home/shahrukh/ws_magna/src/magna_moveit -DCMAKE_BUILD_TYPE=Debug -DCMAKE_INSTALL_PREFIX=/home/shahrukh/ws_magna/install/magna_moveit
[0.143s] -- Found ament_cmake: 1.3.5 (/opt/ros/humble/share/ament_cmake/cmake)
[0.372s] -- Found moveit_ros_planning_interface: 2.5.5 (/home/shahrukh/ws_moveit2/install/moveit_ros_planning_interface/share/moveit_ros_planning_interface/cmake)
[0.385s] -- Found Boost: /usr/lib/x86_64-linux-gnu/cmake/Boost-1.74.0/BoostConfig.cmake (found version "1.74.0") found components: date_time filesystem program_options system thread 
[0.455s] -- Found rosidl_generator_c: 3.1.5 (/opt/ros/humble/share/rosidl_generator_c/cmake)
[0.458s] -- Found rosidl_adapter: 3.1.5 (/opt/ros/humble/share/rosidl_adapter/cmake)
[0.465s] -- Found rosidl_generator_cpp: 3.1.5 (/opt/ros/humble/share/rosidl_generator_cpp/cmake)
[0.480s] -- Using all available rosidl_typesupport_c: rosidl_typesupport_fastrtps_c;rosidl_typesupport_introspection_c
[0.500s] -- Using all available rosidl_typesupport_cpp: rosidl_typesupport_fastrtps_cpp;rosidl_typesupport_introspection_cpp
[1.535s] -- Found Boost: /usr/lib/x86_64-linux-gnu/cmake/Boost-1.74.0/BoostConfig.cmake (found version "1.74.0") found components: chrono date_time filesystem iostreams program_options regex serialization system thread 
[1.570s] -- Found parameter_traits: 0.3.6 (/opt/ros/humble/share/parameter_traits/cmake)
[1.628s] -- Found rmw_implementation_cmake: 6.1.1 (/opt/ros/humble/share/rmw_implementation_cmake/cmake)
[1.632s] -- Found rmw_fastrtps_cpp: 6.2.4 (/opt/ros/humble/share/rmw_fastrtps_cpp/cmake)
[1.835s] -- Using RMW implementation 'rmw_fastrtps_cpp' as default
[2.001s] -- Found rclcpp_lifecycle: 16.0.6 (/opt/ros/humble/share/rclcpp_lifecycle/cmake)
[2.051s] -- Found Boost: /usr/lib/x86_64-linux-gnu/cmake/Boost-1.74.0/BoostConfig.cmake (found version "1.74.0") found components: filesystem 
[2.134s] -- library: /usr/lib/x86_64-linux-gnu/libcurl.so
[2.310s] -- Ensuring Eigen3 include directory is part of orocos-kdl CMake target
[2.907s] -- Found Boost: /usr/lib/x86_64-linux-gnu/cmake/Boost-1.74.0/BoostConfig.cmake (found version "1.74.0") found components: system filesystem date_time program_options thread chrono 
[3.503s] -- Found Boost: /usr/lib/x86_64-linux-gnu/cmake/Boost-1.74.0/BoostConfig.cmake (found version "1.74.0") found components: thread system filesystem regex date_time program_options 
[3.776s] -- Found Boost: /usr/lib/x86_64-linux-gnu/cmake/Boost-1.74.0/BoostConfig.cmake (found version "1.74.0") found components: system filesystem date_time program_options thread 
[4.286s] -- Found ament_lint_auto: 0.12.8 (/opt/ros/humble/share/ament_lint_auto/cmake)
[4.469s] -- Added test 'cppcheck' to perform static code analysis on C / C++ code
[4.469s] -- Configured cppcheck include dirs: $<BUILD_INTERFACE:/home/shahrukh/ws_magna/src/magna_moveit/include>
[4.469s] -- Configured cppcheck exclude dirs and/or files: 
[4.471s] -- Added test 'flake8' to check Python code syntax and style conventions
[4.474s] -- Added test 'lint_cmake' to check CMake code style
[4.476s] -- Added test 'pep257' to check Python code against some of the docstring style conventions in PEP 257
[4.480s] -- Added test 'uncrustify' to check C / C++ code style
[4.481s] -- Configured uncrustify additional arguments: 
[4.483s] -- Added test 'xmllint' to check XML markup files
[4.487s] -- Configuring done
[4.496s] [31mCMake Error at CMakeLists.txt:13 (add_executable):
[4.496s]   Cannot find source file:
[4.496s] 
[4.496s]     src/motion_planning_api_tutorial.cpp
[4.497s] 
[4.497s]   Tried extensions .c .C .c++ .cc .cpp .cxx .cu .mpp .m .M .mm .ixx .cppm .h
[4.497s]   .hh .h++ .hm .hpp .hxx .in .txx .f .F .for .f77 .f90 .f95 .f03 .hip .ispc
[4.498s] 
[4.498s] [0m
[4.501s] [31mCMake Error at CMakeLists.txt:13 (add_executable):
[4.501s]   No SOURCES given to target: magna_moveit
[4.502s] 
[4.502s] [0m
[4.502s] [0mCMake Generate step failed.  Build files cannot be regenerated correctly.[0m
[4.515s] Invoked command in '/home/shahrukh/ws_magna/build/magna_moveit' returned '1': CMAKE_PREFIX_PATH=${CMAKE_PREFIX_PATH}:/home/shahrukh/ws_moveit2/install/moveit_configs_utils:/home/shahrukh/ws_moveit2/install/launch_param_builder:/opt/ros/humble /usr/bin/cmake /home/shahrukh/ws_magna/src/magna_moveit -DCMAKE_BUILD_TYPE=Debug -DCMAKE_INSTALL_PREFIX=/home/shahrukh/ws_magna/install/magna_moveit
