[0.315s] Invoking command in '/home/shahrukh/ws_magna/build/graph_msgs': CMAKE_PREFIX_PATH=${CMAKE_PREFIX_PATH}:/home/shahrukh/ws_moveit2/install/moveit_configs_utils:/home/shahrukh/ws_moveit2/install/launch_param_builder:/opt/ros/humble /usr/bin/cmake /home/shahrukh/ws_magna/src/graph_msgs -DCMAKE_BUILD_TYPE=Release -DCMAKE_INSTALL_PREFIX=/home/shahrukh/ws_magna/install/graph_msgs
[3.654s] -- The C compiler identification is GNU 11.4.0
[4.468s] -- The CXX compiler identification is GNU 11.4.0
[4.483s] -- Detecting C compiler ABI info
[5.002s] -- Detecting C compiler ABI info - done
[5.023s] -- Check for working C compiler: /usr/bin/cc - skipped
[5.028s] -- Detecting C compile features
[5.045s] -- Detecting C compile features - done
[5.055s] -- Detecting CXX compiler ABI info
[5.351s] -- Detecting CXX compiler ABI info - done
[5.365s] -- Check for working CXX compiler: /usr/bin/c++ - skipped
[5.365s] -- Detecting CXX compile features
[5.366s] -- Detecting CXX compile features - done
[5.380s] -- Found ament_cmake: 1.3.5 (/opt/ros/humble/share/ament_cmake/cmake)
[5.695s] -- Found Python3: /usr/bin/python3.10 (found version "3.10.12") found components: Interpreter 
[5.994s] -- Found rosidl_default_generators: 1.2.0 (/opt/ros/humble/share/rosidl_default_generators/cmake)
[6.093s] -- Using all available rosidl_typesupport_c: rosidl_typesupport_fastrtps_c;rosidl_typesupport_introspection_c
[6.149s] -- Found rosidl_adapter: 3.1.5 (/opt/ros/humble/share/rosidl_adapter/cmake)
[6.275s] -- Using all available rosidl_typesupport_cpp: rosidl_typesupport_fastrtps_cpp;rosidl_typesupport_introspection_cpp
[6.396s] -- Found builtin_interfaces: 1.2.1 (/opt/ros/humble/share/builtin_interfaces/cmake)
[6.438s] -- Found std_msgs: 4.2.3 (/opt/ros/humble/share/std_msgs/cmake)
[6.488s] -- Found geometry_msgs: 4.2.3 (/opt/ros/humble/share/geometry_msgs/cmake)
[7.314s] -- Found ament_cmake_ros: 0.10.0 (/opt/ros/humble/share/ament_cmake_ros/cmake)
[7.949s] -- Using all available rosidl_typesupport_c: rosidl_typesupport_fastrtps_c;rosidl_typesupport_introspection_c
[8.573s] -- Using all available rosidl_typesupport_cpp: rosidl_typesupport_fastrtps_cpp;rosidl_typesupport_introspection_cpp
[8.613s] -- Found PythonInterp: /usr/bin/python3 (found suitable version "3.10.12", minimum required is "3.6") 
[8.672s] -- Found python_cmake_module: 0.10.0 (/opt/ros/humble/share/python_cmake_module/cmake)
[8.817s] -- Found PythonLibs: /usr/lib/x86_64-linux-gnu/libpython3.10.so (found suitable version "3.10.12", minimum required is "3.5") 
[8.817s] -- Using PYTHON_EXECUTABLE: /usr/bin/python3
[8.817s] -- Using PYTHON_INCLUDE_DIRS: /usr/include/python3.10
[8.817s] -- Using PYTHON_LIBRARIES: /usr/lib/x86_64-linux-gnu/libpython3.10.so
[8.873s] -- Found PythonExtra: .so  
[9.141s] -- Found ament_lint_auto: 0.12.8 (/opt/ros/humble/share/ament_lint_auto/cmake)
[9.527s] -- Configuring done
[9.698s] -- Generating done
[9.706s] -- Build files have been written to: /home/shahrukh/ws_magna/build/graph_msgs
[9.720s] Invoked command in '/home/shahrukh/ws_magna/build/graph_msgs' returned '0': CMAKE_PREFIX_PATH=${CMAKE_PREFIX_PATH}:/home/shahrukh/ws_moveit2/install/moveit_configs_utils:/home/shahrukh/ws_moveit2/install/launch_param_builder:/opt/ros/humble /usr/bin/cmake /home/shahrukh/ws_magna/src/graph_msgs -DCMAKE_BUILD_TYPE=Release -DCMAKE_INSTALL_PREFIX=/home/shahrukh/ws_magna/install/graph_msgs
[9.725s] Invoking command in '/home/shahrukh/ws_magna/build/graph_msgs': CMAKE_PREFIX_PATH=${CMAKE_PREFIX_PATH}:/home/shahrukh/ws_moveit2/install/moveit_configs_utils:/home/shahrukh/ws_moveit2/install/launch_param_builder:/opt/ros/humble /usr/bin/cmake --build /home/shahrukh/ws_magna/build/graph_msgs -- -j8 -l8
[9.884s] [  2%] [34m[1mGenerating C code for ROS interfaces[0m
[9.896s] [  5%] [34m[1mGenerating C++ code for ROS interfaces[0m
[9.918s] [  5%] Built target ament_cmake_python_copy_graph_msgs
[10.408s] running egg_info
[10.410s] creating graph_msgs.egg-info
[10.411s] writing graph_msgs.egg-info/PKG-INFO
[10.411s] writing dependency_links to graph_msgs.egg-info/dependency_links.txt
[10.412s] writing top-level names to graph_msgs.egg-info/top_level.txt
[10.413s] writing manifest file 'graph_msgs.egg-info/SOURCES.txt'
[10.422s] reading manifest file 'graph_msgs.egg-info/SOURCES.txt'
[10.423s] writing manifest file 'graph_msgs.egg-info/SOURCES.txt'
[10.501s] [  5%] Built target ament_cmake_python_build_graph_msgs_egg
[10.820s] [  5%] Built target graph_msgs__cpp
[10.849s] [  7%] [34m[1mGenerating C++ type support for eProsima Fast-RTPS[0m
[10.849s] [ 10%] [34m[1mGenerating C++ type support dispatch for ROS interfaces[0m
[10.849s] [ 12%] [34m[1mGenerating C++ introspection for ROS interfaces[0m
[10.875s] [ 17%] [32mBuilding C object CMakeFiles/graph_msgs__rosidl_generator_c.dir/rosidl_generator_c/graph_msgs/msg/detail/geometry_graph__functions.c.o[0m
[10.875s] [ 17%] [32mBuilding C object CMakeFiles/graph_msgs__rosidl_generator_c.dir/rosidl_generator_c/graph_msgs/msg/detail/edges__functions.c.o[0m
[11.382s] [ 20%] [32mBuilding CXX object CMakeFiles/graph_msgs__rosidl_typesupport_cpp.dir/rosidl_typesupport_cpp/graph_msgs/msg/edges__type_support.cpp.o[0m
[11.385s] [ 23%] [32mBuilding CXX object CMakeFiles/graph_msgs__rosidl_typesupport_cpp.dir/rosidl_typesupport_cpp/graph_msgs/msg/geometry_graph__type_support.cpp.o[0m
[11.483s] [ 25%] [32mBuilding CXX object CMakeFiles/graph_msgs__rosidl_typesupport_introspection_cpp.dir/rosidl_typesupport_introspection_cpp/graph_msgs/msg/detail/edges__type_support.cpp.o[0m
[11.486s] [ 28%] [32mBuilding CXX object CMakeFiles/graph_msgs__rosidl_typesupport_introspection_cpp.dir/rosidl_typesupport_introspection_cpp/graph_msgs/msg/detail/geometry_graph__type_support.cpp.o[0m
[11.519s] [ 30%] [32mBuilding CXX object CMakeFiles/graph_msgs__rosidl_typesupport_fastrtps_cpp.dir/rosidl_typesupport_fastrtps_cpp/graph_msgs/msg/detail/dds_fastrtps/edges__type_support.cpp.o[0m
[11.519s] [ 33%] [32mBuilding CXX object CMakeFiles/graph_msgs__rosidl_typesupport_fastrtps_cpp.dir/rosidl_typesupport_fastrtps_cpp/graph_msgs/msg/detail/dds_fastrtps/geometry_graph__type_support.cpp.o[0m
[11.600s] [ 35%] [32m[1mLinking C shared library libgraph_msgs__rosidl_generator_c.so[0m
[11.801s] [ 35%] Built target graph_msgs__rosidl_generator_c
[11.836s] [ 41%] [34m[1mGenerating C type support for eProsima Fast-RTPS[0m
[11.836s] [ 41%] [34m[1mGenerating C introspection for ROS interfaces[0m
[12.469s] [ 43%] [32mBuilding CXX object CMakeFiles/graph_msgs__rosidl_typesupport_fastrtps_c.dir/rosidl_typesupport_fastrtps_c/graph_msgs/msg/detail/edges__type_support_c.cpp.o[0m
[12.607s] [ 46%] [32mBuilding C object CMakeFiles/graph_msgs__rosidl_typesupport_introspection_c.dir/rosidl_typesupport_introspection_c/graph_msgs/msg/detail/edges__type_support.c.o[0m
[12.909s] [ 48%] [32mBuilding C object CMakeFiles/graph_msgs__rosidl_typesupport_introspection_c.dir/rosidl_typesupport_introspection_c/graph_msgs/msg/detail/geometry_graph__type_support.c.o[0m
[13.083s] [ 51%] [32m[1mLinking C shared library libgraph_msgs__rosidl_typesupport_introspection_c.so[0m
[13.147s] [ 53%] [34m[1mGenerating C type support dispatch for ROS interfaces[0m
[13.152s] [ 56%] [32m[1mLinking CXX shared library libgraph_msgs__rosidl_typesupport_cpp.so[0m
[13.229s] [ 56%] Built target graph_msgs__rosidl_typesupport_introspection_c
[13.254s] [ 58%] [32mBuilding CXX object CMakeFiles/graph_msgs__rosidl_typesupport_fastrtps_c.dir/rosidl_typesupport_fastrtps_c/graph_msgs/msg/detail/geometry_graph__type_support_c.cpp.o[0m
[13.389s] [ 58%] Built target graph_msgs__rosidl_typesupport_cpp
[13.477s] [ 61%] [32m[1mLinking CXX shared library libgraph_msgs__rosidl_typesupport_fastrtps_cpp.so[0m
[13.542s] [ 64%] [32m[1mLinking CXX shared library libgraph_msgs__rosidl_typesupport_introspection_cpp.so[0m
[13.692s] [ 64%] Built target graph_msgs__rosidl_typesupport_fastrtps_cpp
[13.727s] [ 66%] [32mBuilding CXX object CMakeFiles/graph_msgs__rosidl_typesupport_c.dir/rosidl_typesupport_c/graph_msgs/msg/edges__type_support.cpp.o[0m
[13.734s] [ 69%] [32mBuilding CXX object CMakeFiles/graph_msgs__rosidl_typesupport_c.dir/rosidl_typesupport_c/graph_msgs/msg/geometry_graph__type_support.cpp.o[0m
[13.771s] [ 69%] Built target graph_msgs__rosidl_typesupport_introspection_cpp
[13.803s] [ 71%] [32m[1mLinking CXX shared library libgraph_msgs__rosidl_typesupport_c.so[0m
[13.894s] [ 71%] Built target graph_msgs__rosidl_typesupport_c
[13.898s] [ 74%] [32m[1mLinking CXX shared library libgraph_msgs__rosidl_typesupport_fastrtps_c.so[0m
[14.083s] [ 74%] Built target graph_msgs__rosidl_typesupport_fastrtps_c
[14.153s] [ 74%] Built target graph_msgs
[14.252s] [ 76%] [34m[1mGenerating Python code for ROS interfaces[0m
[14.971s] [ 76%] Built target graph_msgs__py
[15.022s] [ 79%] [32mBuilding C object CMakeFiles/graph_msgs__rosidl_generator_py.dir/rosidl_generator_py/graph_msgs/msg/_geometry_graph_s.c.o[0m
[15.039s] [ 82%] [32mBuilding C object CMakeFiles/graph_msgs__rosidl_generator_py.dir/rosidl_generator_py/graph_msgs/msg/_edges_s.c.o[0m
[16.246s] [ 84%] [32m[1mLinking C shared library rosidl_generator_py/graph_msgs/libgraph_msgs__rosidl_generator_py.so[0m
[16.531s] [ 84%] Built target graph_msgs__rosidl_generator_py
[16.578s] [ 92%] [32mBuilding C object CMakeFiles/graph_msgs__rosidl_typesupport_c__pyext.dir/rosidl_generator_py/graph_msgs/_graph_msgs_s.ep.rosidl_typesupport_c.c.o[0m
[16.579s] [ 92%] [32mBuilding C object CMakeFiles/graph_msgs__rosidl_typesupport_introspection_c__pyext.dir/rosidl_generator_py/graph_msgs/_graph_msgs_s.ep.rosidl_typesupport_introspection_c.c.o[0m
[16.579s] [ 92%] [32mBuilding C object CMakeFiles/graph_msgs__rosidl_typesupport_fastrtps_c__pyext.dir/rosidl_generator_py/graph_msgs/_graph_msgs_s.ep.rosidl_typesupport_fastrtps_c.c.o[0m
[16.806s] [ 97%] [32m[1mLinking C shared library rosidl_generator_py/graph_msgs/graph_msgs_s__rosidl_typesupport_fastrtps_c.cpython-310-x86_64-linux-gnu.so[0m
[16.806s] [ 97%] [32m[1mLinking C shared library rosidl_generator_py/graph_msgs/graph_msgs_s__rosidl_typesupport_introspection_c.cpython-310-x86_64-linux-gnu.so[0m
[16.808s] [100%] [32m[1mLinking C shared library rosidl_generator_py/graph_msgs/graph_msgs_s__rosidl_typesupport_c.cpython-310-x86_64-linux-gnu.so[0m
[16.885s] [100%] Built target graph_msgs__rosidl_typesupport_introspection_c__pyext
[16.888s] [100%] Built target graph_msgs__rosidl_typesupport_c__pyext
[16.893s] [100%] Built target graph_msgs__rosidl_typesupport_fastrtps_c__pyext
[16.919s] Invoked command in '/home/shahrukh/ws_magna/build/graph_msgs' returned '0': CMAKE_PREFIX_PATH=${CMAKE_PREFIX_PATH}:/home/shahrukh/ws_moveit2/install/moveit_configs_utils:/home/shahrukh/ws_moveit2/install/launch_param_builder:/opt/ros/humble /usr/bin/cmake --build /home/shahrukh/ws_magna/build/graph_msgs -- -j8 -l8
[17.312s] Invoking command in '/home/shahrukh/ws_magna/build/graph_msgs': CMAKE_PREFIX_PATH=${CMAKE_PREFIX_PATH}:/home/shahrukh/ws_moveit2/install/moveit_configs_utils:/home/shahrukh/ws_moveit2/install/launch_param_builder:/opt/ros/humble /usr/bin/cmake --install /home/shahrukh/ws_magna/build/graph_msgs
[17.344s] -- Install configuration: "Release"
[17.344s] -- Installing: /home/shahrukh/ws_magna/install/graph_msgs/share/ament_index/resource_index/rosidl_interfaces/graph_msgs
[17.344s] -- Installing: /home/shahrukh/ws_magna/install/graph_msgs/include/graph_msgs/graph_msgs
[17.345s] -- Installing: /home/shahrukh/ws_magna/install/graph_msgs/include/graph_msgs/graph_msgs/msg
[17.345s] -- Installing: /home/shahrukh/ws_magna/install/graph_msgs/include/graph_msgs/graph_msgs/msg/geometry_graph.h
[17.345s] -- Installing: /home/shahrukh/ws_magna/install/graph_msgs/include/graph_msgs/graph_msgs/msg/rosidl_generator_c__visibility_control.h
[17.345s] -- Installing: /home/shahrukh/ws_magna/install/graph_msgs/include/graph_msgs/graph_msgs/msg/detail
[17.345s] -- Installing: /home/shahrukh/ws_magna/install/graph_msgs/include/graph_msgs/graph_msgs/msg/detail/geometry_graph__functions.c
[17.346s] -- Installing: /home/shahrukh/ws_magna/install/graph_msgs/include/graph_msgs/graph_msgs/msg/detail/geometry_graph__type_support.h
[17.347s] -- Installing: /home/shahrukh/ws_magna/install/graph_msgs/include/graph_msgs/graph_msgs/msg/detail/geometry_graph__struct.h
[17.348s] -- Installing: /home/shahrukh/ws_magna/install/graph_msgs/include/graph_msgs/graph_msgs/msg/detail/edges__functions.c
[17.348s] -- Installing: /home/shahrukh/ws_magna/install/graph_msgs/include/graph_msgs/graph_msgs/msg/detail/geometry_graph__functions.h
[17.348s] -- Installing: /home/shahrukh/ws_magna/install/graph_msgs/include/graph_msgs/graph_msgs/msg/detail/edges__functions.h
[17.348s] -- Installing: /home/shahrukh/ws_magna/install/graph_msgs/include/graph_msgs/graph_msgs/msg/detail/edges__struct.h
[17.348s] -- Installing: /home/shahrukh/ws_magna/install/graph_msgs/include/graph_msgs/graph_msgs/msg/detail/edges__type_support.h
[17.348s] -- Installing: /home/shahrukh/ws_magna/install/graph_msgs/include/graph_msgs/graph_msgs/msg/edges.h
[17.348s] -- Installing: /home/shahrukh/ws_magna/install/graph_msgs/share/graph_msgs/environment/library_path.sh
[17.349s] -- Installing: /home/shahrukh/ws_magna/install/graph_msgs/share/graph_msgs/environment/library_path.dsv
[17.349s] -- Installing: /home/shahrukh/ws_magna/install/graph_msgs/lib/libgraph_msgs__rosidl_generator_c.so
[17.349s] -- Set runtime path of "/home/shahrukh/ws_magna/install/graph_msgs/lib/libgraph_msgs__rosidl_generator_c.so" to ""
[17.350s] -- Up-to-date: /home/shahrukh/ws_magna/install/graph_msgs/include/graph_msgs/graph_msgs
[17.350s] -- Up-to-date: /home/shahrukh/ws_magna/install/graph_msgs/include/graph_msgs/graph_msgs/msg
[17.350s] -- Up-to-date: /home/shahrukh/ws_magna/install/graph_msgs/include/graph_msgs/graph_msgs/msg/detail
[17.350s] -- Installing: /home/shahrukh/ws_magna/install/graph_msgs/include/graph_msgs/graph_msgs/msg/detail/geometry_graph__rosidl_typesupport_fastrtps_c.h
[17.351s] -- Installing: /home/shahrukh/ws_magna/install/graph_msgs/include/graph_msgs/graph_msgs/msg/detail/edges__rosidl_typesupport_fastrtps_c.h
[17.352s] -- Installing: /home/shahrukh/ws_magna/install/graph_msgs/include/graph_msgs/graph_msgs/msg/rosidl_typesupport_fastrtps_c__visibility_control.h
[17.352s] -- Installing: /home/shahrukh/ws_magna/install/graph_msgs/lib/libgraph_msgs__rosidl_typesupport_fastrtps_c.so
[17.354s] -- Set runtime path of "/home/shahrukh/ws_magna/install/graph_msgs/lib/libgraph_msgs__rosidl_typesupport_fastrtps_c.so" to ""
[17.354s] -- Up-to-date: /home/shahrukh/ws_magna/install/graph_msgs/include/graph_msgs/graph_msgs
[17.355s] -- Up-to-date: /home/shahrukh/ws_magna/install/graph_msgs/include/graph_msgs/graph_msgs/msg
[17.355s] -- Up-to-date: /home/shahrukh/ws_magna/install/graph_msgs/include/graph_msgs/graph_msgs/msg/detail
[17.355s] -- Installing: /home/shahrukh/ws_magna/install/graph_msgs/include/graph_msgs/graph_msgs/msg/detail/edges__rosidl_typesupport_introspection_c.h
[17.356s] -- Installing: /home/shahrukh/ws_magna/install/graph_msgs/include/graph_msgs/graph_msgs/msg/detail/edges__type_support.c
[17.357s] -- Installing: /home/shahrukh/ws_magna/install/graph_msgs/include/graph_msgs/graph_msgs/msg/detail/geometry_graph__rosidl_typesupport_introspection_c.h
[17.357s] -- Installing: /home/shahrukh/ws_magna/install/graph_msgs/include/graph_msgs/graph_msgs/msg/detail/geometry_graph__type_support.c
[17.358s] -- Installing: /home/shahrukh/ws_magna/install/graph_msgs/include/graph_msgs/graph_msgs/msg/rosidl_typesupport_introspection_c__visibility_control.h
[17.359s] -- Installing: /home/shahrukh/ws_magna/install/graph_msgs/lib/libgraph_msgs__rosidl_typesupport_introspection_c.so
[17.360s] -- Set runtime path of "/home/shahrukh/ws_magna/install/graph_msgs/lib/libgraph_msgs__rosidl_typesupport_introspection_c.so" to ""
[17.361s] -- Installing: /home/shahrukh/ws_magna/install/graph_msgs/lib/libgraph_msgs__rosidl_typesupport_c.so
[17.362s] -- Set runtime path of "/home/shahrukh/ws_magna/install/graph_msgs/lib/libgraph_msgs__rosidl_typesupport_c.so" to ""
[17.362s] -- Up-to-date: /home/shahrukh/ws_magna/install/graph_msgs/include/graph_msgs/graph_msgs
[17.363s] -- Up-to-date: /home/shahrukh/ws_magna/install/graph_msgs/include/graph_msgs/graph_msgs/msg
[17.363s] -- Installing: /home/shahrukh/ws_magna/install/graph_msgs/include/graph_msgs/graph_msgs/msg/geometry_graph.hpp
[17.364s] -- Up-to-date: /home/shahrukh/ws_magna/install/graph_msgs/include/graph_msgs/graph_msgs/msg/detail
[17.366s] -- Installing: /home/shahrukh/ws_magna/install/graph_msgs/include/graph_msgs/graph_msgs/msg/detail/edges__builder.hpp
[17.367s] -- Installing: /home/shahrukh/ws_magna/install/graph_msgs/include/graph_msgs/graph_msgs/msg/detail/edges__traits.hpp
[17.367s] -- Installing: /home/shahrukh/ws_magna/install/graph_msgs/include/graph_msgs/graph_msgs/msg/detail/geometry_graph__builder.hpp
[17.367s] -- Installing: /home/shahrukh/ws_magna/install/graph_msgs/include/graph_msgs/graph_msgs/msg/detail/edges__struct.hpp
[17.367s] -- Installing: /home/shahrukh/ws_magna/install/graph_msgs/include/graph_msgs/graph_msgs/msg/detail/geometry_graph__struct.hpp
[17.367s] -- Installing: /home/shahrukh/ws_magna/install/graph_msgs/include/graph_msgs/graph_msgs/msg/detail/geometry_graph__traits.hpp
[17.367s] -- Installing: /home/shahrukh/ws_magna/install/graph_msgs/include/graph_msgs/graph_msgs/msg/edges.hpp
[17.367s] -- Up-to-date: /home/shahrukh/ws_magna/install/graph_msgs/include/graph_msgs/graph_msgs
[17.368s] -- Up-to-date: /home/shahrukh/ws_magna/install/graph_msgs/include/graph_msgs/graph_msgs/msg
[17.368s] -- Installing: /home/shahrukh/ws_magna/install/graph_msgs/include/graph_msgs/graph_msgs/msg/rosidl_typesupport_fastrtps_cpp__visibility_control.h
[17.368s] -- Up-to-date: /home/shahrukh/ws_magna/install/graph_msgs/include/graph_msgs/graph_msgs/msg/detail
[17.368s] -- Installing: /home/shahrukh/ws_magna/install/graph_msgs/include/graph_msgs/graph_msgs/msg/detail/dds_fastrtps
[17.368s] -- Installing: /home/shahrukh/ws_magna/install/graph_msgs/include/graph_msgs/graph_msgs/msg/detail/edges__rosidl_typesupport_fastrtps_cpp.hpp
[17.368s] -- Installing: /home/shahrukh/ws_magna/install/graph_msgs/include/graph_msgs/graph_msgs/msg/detail/geometry_graph__rosidl_typesupport_fastrtps_cpp.hpp
[17.368s] -- Installing: /home/shahrukh/ws_magna/install/graph_msgs/lib/libgraph_msgs__rosidl_typesupport_fastrtps_cpp.so
[17.369s] -- Set runtime path of "/home/shahrukh/ws_magna/install/graph_msgs/lib/libgraph_msgs__rosidl_typesupport_fastrtps_cpp.so" to ""
[17.369s] -- Up-to-date: /home/shahrukh/ws_magna/install/graph_msgs/include/graph_msgs/graph_msgs
[17.369s] -- Up-to-date: /home/shahrukh/ws_magna/install/graph_msgs/include/graph_msgs/graph_msgs/msg
[17.369s] -- Up-to-date: /home/shahrukh/ws_magna/install/graph_msgs/include/graph_msgs/graph_msgs/msg/detail
[17.369s] -- Installing: /home/shahrukh/ws_magna/install/graph_msgs/include/graph_msgs/graph_msgs/msg/detail/geometry_graph__rosidl_typesupport_introspection_cpp.hpp
[17.370s] -- Installing: /home/shahrukh/ws_magna/install/graph_msgs/include/graph_msgs/graph_msgs/msg/detail/geometry_graph__type_support.cpp
[17.370s] -- Installing: /home/shahrukh/ws_magna/install/graph_msgs/include/graph_msgs/graph_msgs/msg/detail/edges__rosidl_typesupport_introspection_cpp.hpp
[17.370s] -- Installing: /home/shahrukh/ws_magna/install/graph_msgs/include/graph_msgs/graph_msgs/msg/detail/edges__type_support.cpp
[17.370s] -- Installing: /home/shahrukh/ws_magna/install/graph_msgs/lib/libgraph_msgs__rosidl_typesupport_introspection_cpp.so
[17.371s] -- Set runtime path of "/home/shahrukh/ws_magna/install/graph_msgs/lib/libgraph_msgs__rosidl_typesupport_introspection_cpp.so" to ""
[17.371s] -- Installing: /home/shahrukh/ws_magna/install/graph_msgs/lib/libgraph_msgs__rosidl_typesupport_cpp.so
[17.372s] -- Set runtime path of "/home/shahrukh/ws_magna/install/graph_msgs/lib/libgraph_msgs__rosidl_typesupport_cpp.so" to ""
[17.372s] -- Installing: /home/shahrukh/ws_magna/install/graph_msgs/share/graph_msgs/environment/pythonpath.sh
[17.372s] -- Installing: /home/shahrukh/ws_magna/install/graph_msgs/share/graph_msgs/environment/pythonpath.dsv
[17.372s] -- Installing: /home/shahrukh/ws_magna/install/graph_msgs/local/lib/python3.10/dist-packages/graph_msgs-0.2.0-py3.10.egg-info
[17.372s] -- Installing: /home/shahrukh/ws_magna/install/graph_msgs/local/lib/python3.10/dist-packages/graph_msgs-0.2.0-py3.10.egg-info/PKG-INFO
[17.373s] -- Installing: /home/shahrukh/ws_magna/install/graph_msgs/local/lib/python3.10/dist-packages/graph_msgs-0.2.0-py3.10.egg-info/SOURCES.txt
[17.373s] -- Installing: /home/shahrukh/ws_magna/install/graph_msgs/local/lib/python3.10/dist-packages/graph_msgs-0.2.0-py3.10.egg-info/dependency_links.txt
[17.373s] -- Installing: /home/shahrukh/ws_magna/install/graph_msgs/local/lib/python3.10/dist-packages/graph_msgs-0.2.0-py3.10.egg-info/top_level.txt
[17.373s] -- Installing: /home/shahrukh/ws_magna/install/graph_msgs/local/lib/python3.10/dist-packages/graph_msgs
[17.373s] -- Installing: /home/shahrukh/ws_magna/install/graph_msgs/local/lib/python3.10/dist-packages/graph_msgs/_graph_msgs_s.ep.rosidl_typesupport_fastrtps_c.c
[17.374s] -- Installing: /home/shahrukh/ws_magna/install/graph_msgs/local/lib/python3.10/dist-packages/graph_msgs/msg
[17.374s] -- Installing: /home/shahrukh/ws_magna/install/graph_msgs/local/lib/python3.10/dist-packages/graph_msgs/msg/_edges_s.c
[17.374s] -- Installing: /home/shahrukh/ws_magna/install/graph_msgs/local/lib/python3.10/dist-packages/graph_msgs/msg/_geometry_graph_s.c
[17.374s] -- Installing: /home/shahrukh/ws_magna/install/graph_msgs/local/lib/python3.10/dist-packages/graph_msgs/msg/_geometry_graph.py
[17.375s] -- Installing: /home/shahrukh/ws_magna/install/graph_msgs/local/lib/python3.10/dist-packages/graph_msgs/msg/__init__.py
[17.375s] -- Installing: /home/shahrukh/ws_magna/install/graph_msgs/local/lib/python3.10/dist-packages/graph_msgs/msg/_edges.py
[17.375s] -- Installing: /home/shahrukh/ws_magna/install/graph_msgs/local/lib/python3.10/dist-packages/graph_msgs/graph_msgs_s__rosidl_typesupport_introspection_c.cpython-310-x86_64-linux-gnu.so
[17.375s] -- Installing: /home/shahrukh/ws_magna/install/graph_msgs/local/lib/python3.10/dist-packages/graph_msgs/__init__.py
[17.375s] -- Installing: /home/shahrukh/ws_magna/install/graph_msgs/local/lib/python3.10/dist-packages/graph_msgs/graph_msgs_s__rosidl_typesupport_fastrtps_c.cpython-310-x86_64-linux-gnu.so
[17.376s] -- Installing: /home/shahrukh/ws_magna/install/graph_msgs/local/lib/python3.10/dist-packages/graph_msgs/graph_msgs_s__rosidl_typesupport_c.cpython-310-x86_64-linux-gnu.so
[17.376s] -- Installing: /home/shahrukh/ws_magna/install/graph_msgs/local/lib/python3.10/dist-packages/graph_msgs/_graph_msgs_s.ep.rosidl_typesupport_c.c
[17.376s] -- Installing: /home/shahrukh/ws_magna/install/graph_msgs/local/lib/python3.10/dist-packages/graph_msgs/_graph_msgs_s.ep.rosidl_typesupport_introspection_c.c
[17.376s] -- Installing: /home/shahrukh/ws_magna/install/graph_msgs/local/lib/python3.10/dist-packages/graph_msgs/libgraph_msgs__rosidl_generator_py.so
[17.453s] Listing '/home/shahrukh/ws_magna/install/graph_msgs/local/lib/python3.10/dist-packages/graph_msgs'...
[17.453s] Compiling '/home/shahrukh/ws_magna/install/graph_msgs/local/lib/python3.10/dist-packages/graph_msgs/__init__.py'...
[17.453s] Listing '/home/shahrukh/ws_magna/install/graph_msgs/local/lib/python3.10/dist-packages/graph_msgs/msg'...
[17.453s] Compiling '/home/shahrukh/ws_magna/install/graph_msgs/local/lib/python3.10/dist-packages/graph_msgs/msg/__init__.py'...
[17.453s] Compiling '/home/shahrukh/ws_magna/install/graph_msgs/local/lib/python3.10/dist-packages/graph_msgs/msg/_edges.py'...
[17.453s] Compiling '/home/shahrukh/ws_magna/install/graph_msgs/local/lib/python3.10/dist-packages/graph_msgs/msg/_geometry_graph.py'...
[17.464s] -- Installing: /home/shahrukh/ws_magna/install/graph_msgs/local/lib/python3.10/dist-packages/graph_msgs/graph_msgs_s__rosidl_typesupport_fastrtps_c.cpython-310-x86_64-linux-gnu.so
[17.465s] -- Set runtime path of "/home/shahrukh/ws_magna/install/graph_msgs/local/lib/python3.10/dist-packages/graph_msgs/graph_msgs_s__rosidl_typesupport_fastrtps_c.cpython-310-x86_64-linux-gnu.so" to ""
[17.466s] -- Installing: /home/shahrukh/ws_magna/install/graph_msgs/local/lib/python3.10/dist-packages/graph_msgs/graph_msgs_s__rosidl_typesupport_introspection_c.cpython-310-x86_64-linux-gnu.so
[17.467s] -- Set runtime path of "/home/shahrukh/ws_magna/install/graph_msgs/local/lib/python3.10/dist-packages/graph_msgs/graph_msgs_s__rosidl_typesupport_introspection_c.cpython-310-x86_64-linux-gnu.so" to ""
[17.467s] -- Installing: /home/shahrukh/ws_magna/install/graph_msgs/local/lib/python3.10/dist-packages/graph_msgs/graph_msgs_s__rosidl_typesupport_c.cpython-310-x86_64-linux-gnu.so
[17.467s] -- Set runtime path of "/home/shahrukh/ws_magna/install/graph_msgs/local/lib/python3.10/dist-packages/graph_msgs/graph_msgs_s__rosidl_typesupport_c.cpython-310-x86_64-linux-gnu.so" to ""
[17.468s] -- Installing: /home/shahrukh/ws_magna/install/graph_msgs/lib/libgraph_msgs__rosidl_generator_py.so
[17.468s] -- Set runtime path of "/home/shahrukh/ws_magna/install/graph_msgs/lib/libgraph_msgs__rosidl_generator_py.so" to ""
[17.468s] -- Installing: /home/shahrukh/ws_magna/install/graph_msgs/share/graph_msgs/msg/Edges.idl
[17.469s] -- Installing: /home/shahrukh/ws_magna/install/graph_msgs/share/graph_msgs/msg/GeometryGraph.idl
[17.469s] -- Installing: /home/shahrukh/ws_magna/install/graph_msgs/share/graph_msgs/msg/Edges.msg
[17.469s] -- Installing: /home/shahrukh/ws_magna/install/graph_msgs/share/graph_msgs/msg/GeometryGraph.msg
[17.470s] -- Installing: /home/shahrukh/ws_magna/install/graph_msgs/share/ament_index/resource_index/package_run_dependencies/graph_msgs
[17.474s] -- Installing: /home/shahrukh/ws_magna/install/graph_msgs/share/ament_index/resource_index/parent_prefix_path/graph_msgs
[17.475s] -- Installing: /home/shahrukh/ws_magna/install/graph_msgs/share/graph_msgs/environment/ament_prefix_path.sh
[17.475s] -- Installing: /home/shahrukh/ws_magna/install/graph_msgs/share/graph_msgs/environment/ament_prefix_path.dsv
[17.475s] -- Installing: /home/shahrukh/ws_magna/install/graph_msgs/share/graph_msgs/environment/path.sh
[17.475s] -- Installing: /home/shahrukh/ws_magna/install/graph_msgs/share/graph_msgs/environment/path.dsv
[17.475s] -- Installing: /home/shahrukh/ws_magna/install/graph_msgs/share/graph_msgs/local_setup.bash
[17.476s] -- Installing: /home/shahrukh/ws_magna/install/graph_msgs/share/graph_msgs/local_setup.sh
[17.476s] -- Installing: /home/shahrukh/ws_magna/install/graph_msgs/share/graph_msgs/local_setup.zsh
[17.476s] -- Installing: /home/shahrukh/ws_magna/install/graph_msgs/share/graph_msgs/local_setup.dsv
[17.477s] -- Installing: /home/shahrukh/ws_magna/install/graph_msgs/share/graph_msgs/package.dsv
[17.477s] -- Installing: /home/shahrukh/ws_magna/install/graph_msgs/share/ament_index/resource_index/packages/graph_msgs
[17.478s] -- Installing: /home/shahrukh/ws_magna/install/graph_msgs/share/graph_msgs/cmake/export_graph_msgs__rosidl_generator_cExport.cmake
[17.478s] -- Installing: /home/shahrukh/ws_magna/install/graph_msgs/share/graph_msgs/cmake/export_graph_msgs__rosidl_generator_cExport-release.cmake
[17.478s] -- Installing: /home/shahrukh/ws_magna/install/graph_msgs/share/graph_msgs/cmake/export_graph_msgs__rosidl_typesupport_fastrtps_cExport.cmake
[17.479s] -- Installing: /home/shahrukh/ws_magna/install/graph_msgs/share/graph_msgs/cmake/export_graph_msgs__rosidl_typesupport_fastrtps_cExport-release.cmake
[17.479s] -- Installing: /home/shahrukh/ws_magna/install/graph_msgs/share/graph_msgs/cmake/graph_msgs__rosidl_typesupport_introspection_cExport.cmake
[17.479s] -- Installing: /home/shahrukh/ws_magna/install/graph_msgs/share/graph_msgs/cmake/graph_msgs__rosidl_typesupport_introspection_cExport-release.cmake
[17.480s] -- Installing: /home/shahrukh/ws_magna/install/graph_msgs/share/graph_msgs/cmake/graph_msgs__rosidl_typesupport_cExport.cmake
[17.480s] -- Installing: /home/shahrukh/ws_magna/install/graph_msgs/share/graph_msgs/cmake/graph_msgs__rosidl_typesupport_cExport-release.cmake
[17.480s] -- Installing: /home/shahrukh/ws_magna/install/graph_msgs/share/graph_msgs/cmake/export_graph_msgs__rosidl_generator_cppExport.cmake
[17.481s] -- Installing: /home/shahrukh/ws_magna/install/graph_msgs/share/graph_msgs/cmake/export_graph_msgs__rosidl_typesupport_fastrtps_cppExport.cmake
[17.481s] -- Installing: /home/shahrukh/ws_magna/install/graph_msgs/share/graph_msgs/cmake/export_graph_msgs__rosidl_typesupport_fastrtps_cppExport-release.cmake
[17.481s] -- Installing: /home/shahrukh/ws_magna/install/graph_msgs/share/graph_msgs/cmake/graph_msgs__rosidl_typesupport_introspection_cppExport.cmake
[17.481s] -- Installing: /home/shahrukh/ws_magna/install/graph_msgs/share/graph_msgs/cmake/graph_msgs__rosidl_typesupport_introspection_cppExport-release.cmake
[17.482s] -- Installing: /home/shahrukh/ws_magna/install/graph_msgs/share/graph_msgs/cmake/graph_msgs__rosidl_typesupport_cppExport.cmake
[17.482s] -- Installing: /home/shahrukh/ws_magna/install/graph_msgs/share/graph_msgs/cmake/graph_msgs__rosidl_typesupport_cppExport-release.cmake
[17.482s] -- Installing: /home/shahrukh/ws_magna/install/graph_msgs/share/graph_msgs/cmake/export_graph_msgs__rosidl_generator_pyExport.cmake
[17.483s] -- Installing: /home/shahrukh/ws_magna/install/graph_msgs/share/graph_msgs/cmake/export_graph_msgs__rosidl_generator_pyExport-release.cmake
[17.483s] -- Installing: /home/shahrukh/ws_magna/install/graph_msgs/share/graph_msgs/cmake/rosidl_cmake-extras.cmake
[17.483s] -- Installing: /home/shahrukh/ws_magna/install/graph_msgs/share/graph_msgs/cmake/ament_cmake_export_dependencies-extras.cmake
[17.484s] -- Installing: /home/shahrukh/ws_magna/install/graph_msgs/share/graph_msgs/cmake/ament_cmake_export_include_directories-extras.cmake
[17.484s] -- Installing: /home/shahrukh/ws_magna/install/graph_msgs/share/graph_msgs/cmake/ament_cmake_export_libraries-extras.cmake
[17.484s] -- Installing: /home/shahrukh/ws_magna/install/graph_msgs/share/graph_msgs/cmake/ament_cmake_export_targets-extras.cmake
[17.485s] -- Installing: /home/shahrukh/ws_magna/install/graph_msgs/share/graph_msgs/cmake/rosidl_cmake_export_typesupport_targets-extras.cmake
[17.485s] -- Installing: /home/shahrukh/ws_magna/install/graph_msgs/share/graph_msgs/cmake/rosidl_cmake_export_typesupport_libraries-extras.cmake
[17.485s] -- Installing: /home/shahrukh/ws_magna/install/graph_msgs/share/graph_msgs/cmake/graph_msgsConfig.cmake
[17.485s] -- Installing: /home/shahrukh/ws_magna/install/graph_msgs/share/graph_msgs/cmake/graph_msgsConfig-version.cmake
[17.486s] -- Installing: /home/shahrukh/ws_magna/install/graph_msgs/share/graph_msgs/package.xml
[17.491s] Invoked command in '/home/shahrukh/ws_magna/build/graph_msgs' returned '0': CMAKE_PREFIX_PATH=${CMAKE_PREFIX_PATH}:/home/shahrukh/ws_moveit2/install/moveit_configs_utils:/home/shahrukh/ws_moveit2/install/launch_param_builder:/opt/ros/humble /usr/bin/cmake --install /home/shahrukh/ws_magna/build/graph_msgs
