[5.021s] DEBUG:colcon:Command line arguments: ['/usr/bin/colcon', 'build', '--mixin', 'debug']
[5.021s] DEBUG:colcon:Parsed command line arguments: Namespace(log_base=None, log_level=None, verb_name='build', build_base='build', install_base='install', merge_install=False, symlink_install=False, test_result_base=None, continue_on_error=False, executor='parallel', parallel_workers=8, event_handlers=None, ignore_user_meta=False, metas=['./colcon.meta'], base_paths=['.'], packages_ignore=None, packages_ignore_regex=None, paths=None, packages_up_to=None, packages_up_to_regex=None, packages_above=None, packages_above_and_dependencies=None, packages_above_depth=None, packages_select_by_dep=None, packages_skip_by_dep=None, packages_skip_up_to=None, packages_select_build_failed=False, packages_skip_build_finished=False, packages_select_test_failures=False, packages_skip_test_passed=False, packages_select=None, packages_skip=None, packages_select_regex=None, packages_skip_regex=None, packages_start=None, packages_end=None, allow_overriding=[], cmake_args=['-DCMAKE_BUILD_TYPE=Debug'], cmake_target=None, cmake_target_skip_unavailable=False, cmake_clean_cache=False, cmake_clean_first=False, cmake_force_configure=False, ament_cmake_args=None, catkin_cmake_args=None, catkin_skip_building_tests=False, mixin_files=None, mixin=['debug'], verb_parser=<colcon_mixin.mixin.mixin_argument.MixinArgumentDecorator object at 0x7f163fe0b580>, verb_extension=<colcon_core.verb.build.BuildVerb object at 0x7f163fe08f40>, main=<bound method BuildVerb.main of <colcon_core.verb.build.BuildVerb object at 0x7f163fe08f40>>, mixin_verb=('build',))
[5.566s] Level 1:colcon.colcon_core.package_discovery:discover_packages(colcon_meta) check parameters
[5.566s] Level 1:colcon.colcon_core.package_discovery:discover_packages(recursive) check parameters
[5.566s] Level 1:colcon.colcon_core.package_discovery:discover_packages(ignore) check parameters
[5.566s] Level 1:colcon.colcon_core.package_discovery:discover_packages(path) check parameters
[5.566s] Level 1:colcon.colcon_core.package_discovery:discover_packages(colcon_meta) discover
[5.567s] Level 1:colcon.colcon_core.package_discovery:discover_packages(recursive) discover
[5.567s] INFO:colcon.colcon_core.package_discovery:Crawling recursively for packages in '/home/shahrukh/ws_magna'
[5.567s] Level 1:colcon.colcon_core.package_identification:_identify(.) by extensions ['ignore', 'ignore_ament_install']
[5.567s] Level 1:colcon.colcon_core.package_identification:_identify(.) by extension 'ignore'
[5.568s] Level 1:colcon.colcon_core.package_identification:_identify(.) by extension 'ignore_ament_install'
[5.568s] Level 1:colcon.colcon_core.package_identification:_identify(.) by extensions ['colcon_pkg']
[5.568s] Level 1:colcon.colcon_core.package_identification:_identify(.) by extension 'colcon_pkg'
[5.568s] Level 1:colcon.colcon_core.package_identification:_identify(.) by extensions ['colcon_meta']
[5.568s] Level 1:colcon.colcon_core.package_identification:_identify(.) by extension 'colcon_meta'
[5.568s] Level 1:colcon.colcon_core.package_identification:_identify(.) by extensions ['ros']
[5.568s] Level 1:colcon.colcon_core.package_identification:_identify(.) by extension 'ros'
[5.652s] Level 1:colcon.colcon_core.package_identification:_identify(.) by extensions ['cmake', 'python']
[5.652s] Level 1:colcon.colcon_core.package_identification:_identify(.) by extension 'cmake'
[5.652s] Level 1:colcon.colcon_core.package_identification:_identify(.) by extension 'python'
[5.652s] Level 1:colcon.colcon_core.package_identification:_identify(.) by extensions ['python_setup_py']
[5.652s] Level 1:colcon.colcon_core.package_identification:_identify(.) by extension 'python_setup_py'
[5.653s] Level 1:colcon.colcon_core.package_identification:_identify(build) by extensions ['ignore', 'ignore_ament_install']
[5.653s] Level 1:colcon.colcon_core.package_identification:_identify(build) by extension 'ignore'
[5.653s] Level 1:colcon.colcon_core.package_identification:_identify(build) ignored
[5.653s] Level 1:colcon.colcon_core.package_identification:_identify(install) by extensions ['ignore', 'ignore_ament_install']
[5.654s] Level 1:colcon.colcon_core.package_identification:_identify(install) by extension 'ignore'
[5.654s] Level 1:colcon.colcon_core.package_identification:_identify(install) ignored
[5.654s] Level 1:colcon.colcon_core.package_identification:_identify(log) by extensions ['ignore', 'ignore_ament_install']
[5.654s] Level 1:colcon.colcon_core.package_identification:_identify(log) by extension 'ignore'
[5.654s] Level 1:colcon.colcon_core.package_identification:_identify(log) ignored
[5.655s] Level 1:colcon.colcon_core.package_identification:_identify(src) by extensions ['ignore', 'ignore_ament_install']
[5.655s] Level 1:colcon.colcon_core.package_identification:_identify(src) by extension 'ignore'
[5.655s] Level 1:colcon.colcon_core.package_identification:_identify(src) by extension 'ignore_ament_install'
[5.655s] Level 1:colcon.colcon_core.package_identification:_identify(src) by extensions ['colcon_pkg']
[5.655s] Level 1:colcon.colcon_core.package_identification:_identify(src) by extension 'colcon_pkg'
[5.656s] Level 1:colcon.colcon_core.package_identification:_identify(src) by extensions ['colcon_meta']
[5.656s] Level 1:colcon.colcon_core.package_identification:_identify(src) by extension 'colcon_meta'
[5.656s] Level 1:colcon.colcon_core.package_identification:_identify(src) by extensions ['ros']
[5.656s] Level 1:colcon.colcon_core.package_identification:_identify(src) by extension 'ros'
[5.656s] Level 1:colcon.colcon_core.package_identification:_identify(src) by extensions ['cmake', 'python']
[5.656s] Level 1:colcon.colcon_core.package_identification:_identify(src) by extension 'cmake'
[5.656s] Level 1:colcon.colcon_core.package_identification:_identify(src) by extension 'python'
[5.657s] Level 1:colcon.colcon_core.package_identification:_identify(src) by extensions ['python_setup_py']
[5.657s] Level 1:colcon.colcon_core.package_identification:_identify(src) by extension 'python_setup_py'
[5.657s] Level 1:colcon.colcon_core.package_identification:_identify(src/magna_moveit) by extensions ['ignore', 'ignore_ament_install']
[5.657s] Level 1:colcon.colcon_core.package_identification:_identify(src/magna_moveit) by extension 'ignore'
[5.658s] Level 1:colcon.colcon_core.package_identification:_identify(src/magna_moveit) by extension 'ignore_ament_install'
[5.658s] Level 1:colcon.colcon_core.package_identification:_identify(src/magna_moveit) by extensions ['colcon_pkg']
[5.658s] Level 1:colcon.colcon_core.package_identification:_identify(src/magna_moveit) by extension 'colcon_pkg'
[5.658s] Level 1:colcon.colcon_core.package_identification:_identify(src/magna_moveit) by extensions ['colcon_meta']
[5.658s] Level 1:colcon.colcon_core.package_identification:_identify(src/magna_moveit) by extension 'colcon_meta'
[5.658s] Level 1:colcon.colcon_core.package_identification:_identify(src/magna_moveit) by extensions ['ros']
[5.658s] Level 1:colcon.colcon_core.package_identification:_identify(src/magna_moveit) by extension 'ros'
[5.689s] DEBUG:colcon.colcon_core.package_identification:Package 'src/magna_moveit' with type 'ros.ament_cmake' and name 'magna_moveit'
[5.689s] Level 1:colcon.colcon_core.package_identification:_identify(src/moveit2_tutorials) by extensions ['ignore', 'ignore_ament_install']
[5.689s] Level 1:colcon.colcon_core.package_identification:_identify(src/moveit2_tutorials) by extension 'ignore'
[5.690s] Level 1:colcon.colcon_core.package_identification:_identify(src/moveit2_tutorials) by extension 'ignore_ament_install'
[5.690s] Level 1:colcon.colcon_core.package_identification:_identify(src/moveit2_tutorials) by extensions ['colcon_pkg']
[5.690s] Level 1:colcon.colcon_core.package_identification:_identify(src/moveit2_tutorials) by extension 'colcon_pkg'
[5.690s] Level 1:colcon.colcon_core.package_identification:_identify(src/moveit2_tutorials) by extensions ['colcon_meta']
[5.690s] Level 1:colcon.colcon_core.package_identification:_identify(src/moveit2_tutorials) by extension 'colcon_meta'
[5.690s] Level 1:colcon.colcon_core.package_identification:_identify(src/moveit2_tutorials) by extensions ['ros']
[5.691s] Level 1:colcon.colcon_core.package_identification:_identify(src/moveit2_tutorials) by extension 'ros'
[5.698s] DEBUG:colcon.colcon_core.package_identification:Package 'src/moveit2_tutorials' with type 'ros.ament_cmake' and name 'moveit2_tutorials'
[5.698s] Level 1:colcon.colcon_core.package_discovery:discover_packages(recursive) using defaults
[5.698s] Level 1:colcon.colcon_core.package_discovery:discover_packages(ignore) discover
[5.698s] Level 1:colcon.colcon_core.package_discovery:discover_packages(ignore) using defaults
[5.698s] Level 1:colcon.colcon_core.package_discovery:discover_packages(path) discover
[5.698s] Level 1:colcon.colcon_core.package_discovery:discover_packages(path) using defaults
[5.968s] Level 1:colcon.colcon_core.package_discovery:discover_packages(prefix_path) check parameters
[5.968s] Level 1:colcon.colcon_core.package_discovery:discover_packages(prefix_path) discover
[6.505s] DEBUG:colcon.colcon_installed_package_information.package_discovery:Found 56 installed packages in /home/shahrukh/ws_moveit2/install
[6.590s] DEBUG:colcon.colcon_installed_package_information.package_discovery:Found 325 installed packages in /opt/ros/humble
[6.594s] Level 1:colcon.colcon_core.package_discovery:discover_packages(prefix_path) using defaults
[11.010s] Level 5:colcon.colcon_core.verb:set package 'magna_moveit' build argument 'cmake_args' from command line to '['-DCMAKE_BUILD_TYPE=Debug']'
[11.010s] Level 5:colcon.colcon_core.verb:set package 'magna_moveit' build argument 'cmake_target' from command line to 'None'
[11.010s] Level 5:colcon.colcon_core.verb:set package 'magna_moveit' build argument 'cmake_target_skip_unavailable' from command line to 'False'
[11.010s] Level 5:colcon.colcon_core.verb:set package 'magna_moveit' build argument 'cmake_clean_cache' from command line to 'False'
[11.010s] Level 5:colcon.colcon_core.verb:set package 'magna_moveit' build argument 'cmake_clean_first' from command line to 'False'
[11.010s] Level 5:colcon.colcon_core.verb:set package 'magna_moveit' build argument 'cmake_force_configure' from command line to 'False'
[11.010s] Level 5:colcon.colcon_core.verb:set package 'magna_moveit' build argument 'ament_cmake_args' from command line to 'None'
[11.010s] Level 5:colcon.colcon_core.verb:set package 'magna_moveit' build argument 'catkin_cmake_args' from command line to 'None'
[11.010s] Level 5:colcon.colcon_core.verb:set package 'magna_moveit' build argument 'catkin_skip_building_tests' from command line to 'False'
[11.011s] DEBUG:colcon.colcon_core.verb:Building package 'magna_moveit' with the following arguments: {'ament_cmake_args': None, 'build_base': '/home/shahrukh/ws_magna/build/magna_moveit', 'catkin_cmake_args': None, 'catkin_skip_building_tests': False, 'cmake_args': ['-DCMAKE_BUILD_TYPE=Debug'], 'cmake_clean_cache': False, 'cmake_clean_first': False, 'cmake_force_configure': False, 'cmake_target': None, 'cmake_target_skip_unavailable': False, 'install_base': '/home/shahrukh/ws_magna/install/magna_moveit', 'merge_install': False, 'path': '/home/shahrukh/ws_magna/src/magna_moveit', 'symlink_install': False, 'test_result_base': None}
[11.028s] Level 5:colcon.colcon_core.verb:set package 'moveit2_tutorials' build argument 'cmake_args' from command line to '['-DCMAKE_BUILD_TYPE=Debug']'
[11.028s] Level 5:colcon.colcon_core.verb:set package 'moveit2_tutorials' build argument 'cmake_target' from command line to 'None'
[11.028s] Level 5:colcon.colcon_core.verb:set package 'moveit2_tutorials' build argument 'cmake_target_skip_unavailable' from command line to 'False'
[11.028s] Level 5:colcon.colcon_core.verb:set package 'moveit2_tutorials' build argument 'cmake_clean_cache' from command line to 'False'
[11.028s] Level 5:colcon.colcon_core.verb:set package 'moveit2_tutorials' build argument 'cmake_clean_first' from command line to 'False'
[11.028s] Level 5:colcon.colcon_core.verb:set package 'moveit2_tutorials' build argument 'cmake_force_configure' from command line to 'False'
[11.029s] Level 5:colcon.colcon_core.verb:set package 'moveit2_tutorials' build argument 'ament_cmake_args' from command line to 'None'
[11.029s] Level 5:colcon.colcon_core.verb:set package 'moveit2_tutorials' build argument 'catkin_cmake_args' from command line to 'None'
[11.029s] Level 5:colcon.colcon_core.verb:set package 'moveit2_tutorials' build argument 'catkin_skip_building_tests' from command line to 'False'
[11.029s] DEBUG:colcon.colcon_core.verb:Building package 'moveit2_tutorials' with the following arguments: {'ament_cmake_args': None, 'build_base': '/home/shahrukh/ws_magna/build/moveit2_tutorials', 'catkin_cmake_args': None, 'catkin_skip_building_tests': False, 'cmake_args': ['-DCMAKE_BUILD_TYPE=Debug'], 'cmake_clean_cache': False, 'cmake_clean_first': False, 'cmake_force_configure': False, 'cmake_target': None, 'cmake_target_skip_unavailable': False, 'install_base': '/home/shahrukh/ws_magna/install/moveit2_tutorials', 'merge_install': False, 'path': '/home/shahrukh/ws_magna/src/moveit2_tutorials', 'symlink_install': False, 'test_result_base': None}
[11.046s] INFO:colcon.colcon_core.executor:Executing jobs using 'parallel' executor
[11.064s] DEBUG:colcon.colcon_parallel_executor.executor.parallel:run_until_complete
[11.064s] INFO:colcon.colcon_ros.task.ament_cmake.build:Building ROS package in '/home/shahrukh/ws_magna/src/magna_moveit' with build type 'ament_cmake'
[11.064s] INFO:colcon.colcon_cmake.task.cmake.build:Building CMake package in '/home/shahrukh/ws_magna/src/magna_moveit'
[11.129s] INFO:colcon.colcon_core.plugin_system:Skipping extension 'colcon_core.shell.bat': Not used on non-Windows systems
[11.130s] INFO:colcon.colcon_core.shell:Skip shell extension 'powershell' for command environment: Not usable outside of PowerShell
[11.130s] DEBUG:colcon.colcon_core.shell:Skip shell extension 'dsv' for command environment
[11.216s] INFO:colcon.colcon_ros.task.ament_cmake.build:Building ROS package in '/home/shahrukh/ws_magna/src/moveit2_tutorials' with build type 'ament_cmake'
[11.216s] INFO:colcon.colcon_cmake.task.cmake.build:Building CMake package in '/home/shahrukh/ws_magna/src/moveit2_tutorials'
[11.238s] INFO:colcon.colcon_core.shell:Skip shell extension 'powershell' for command environment: Not usable outside of PowerShell
[11.238s] DEBUG:colcon.colcon_core.shell:Skip shell extension 'dsv' for command environment
[11.359s] DEBUG:colcon.colcon_core.event_handler.log_command:Invoking command in '/home/shahrukh/ws_magna/build/magna_moveit': CMAKE_PREFIX_PATH=${CMAKE_PREFIX_PATH}:/home/shahrukh/ws_moveit2/install/moveit_configs_utils:/home/shahrukh/ws_moveit2/install/launch_param_builder:/opt/ros/humble /usr/bin/cmake --build /home/shahrukh/ws_magna/build/magna_moveit -- -j8 -l8
[11.401s] DEBUG:colcon.colcon_core.event_handler.log_command:Invoking command in '/home/shahrukh/ws_magna/build/moveit2_tutorials': CMAKE_PREFIX_PATH=${CMAKE_PREFIX_PATH}:/home/shahrukh/ws_moveit2/install/moveit_configs_utils:/home/shahrukh/ws_moveit2/install/launch_param_builder:/opt/ros/humble /usr/bin/cmake /home/shahrukh/ws_magna/src/moveit2_tutorials -DCMAKE_BUILD_TYPE=Debug -DCMAKE_INSTALL_PREFIX=/home/shahrukh/ws_magna/install/moveit2_tutorials
[16.149s] DEBUG:colcon.colcon_core.event_handler.log_command:Invoked command in '/home/shahrukh/ws_magna/build/magna_moveit' returned '2': CMAKE_PREFIX_PATH=${CMAKE_PREFIX_PATH}:/home/shahrukh/ws_moveit2/install/moveit_configs_utils:/home/shahrukh/ws_moveit2/install/launch_param_builder:/opt/ros/humble /usr/bin/cmake --build /home/shahrukh/ws_magna/build/magna_moveit -- -j8 -l8
[16.339s] Level 1:colcon.colcon_core.environment:create_environment_scripts_only(magna_moveit)
[16.550s] Level 1:colcon.colcon_core.environment:checking '/home/shahrukh/ws_magna/install/magna_moveit' for CMake module files
[16.618s] Level 1:colcon.colcon_core.environment:checking '/home/shahrukh/ws_magna/install/magna_moveit' for CMake config files
[16.640s] Level 1:colcon.colcon_core.environment:checking '/home/shahrukh/ws_magna/install/magna_moveit/bin'
[16.641s] Level 1:colcon.colcon_core.environment:checking '/home/shahrukh/ws_magna/install/magna_moveit/lib/pkgconfig/magna_moveit.pc'
[16.641s] Level 1:colcon.colcon_core.environment:checking '/home/shahrukh/ws_magna/install/magna_moveit/lib/python3.10/site-packages'
[16.642s] Level 1:colcon.colcon_core.environment:checking '/home/shahrukh/ws_magna/install/magna_moveit/bin'
[16.687s] INFO:colcon.colcon_core.shell:Creating package script '/home/shahrukh/ws_magna/install/magna_moveit/share/magna_moveit/package.ps1'
[16.706s] INFO:colcon.colcon_core.shell:Creating package descriptor '/home/shahrukh/ws_magna/install/magna_moveit/share/magna_moveit/package.dsv'
[16.734s] INFO:colcon.colcon_core.shell:Creating package script '/home/shahrukh/ws_magna/install/magna_moveit/share/magna_moveit/package.sh'
[16.735s] INFO:colcon.colcon_core.shell:Creating package script '/home/shahrukh/ws_magna/install/magna_moveit/share/magna_moveit/package.bash'
[16.758s] INFO:colcon.colcon_core.shell:Creating package script '/home/shahrukh/ws_magna/install/magna_moveit/share/magna_moveit/package.zsh'
[16.762s] Level 1:colcon.colcon_core.environment:create_file_with_runtime_dependencies(/home/shahrukh/ws_magna/install/magna_moveit/share/colcon-core/packages/magna_moveit)
[36.556s] DEBUG:colcon.colcon_parallel_executor.executor.parallel:closing loop
[36.557s] DEBUG:colcon.colcon_parallel_executor.executor.parallel:loop closed
[36.557s] DEBUG:colcon.colcon_parallel_executor.executor.parallel:run_until_complete finished with '2'
[36.557s] DEBUG:colcon.colcon_core.event_reactor:joining thread
[36.624s] INFO:colcon.colcon_core.plugin_system:Skipping extension 'colcon_notification.desktop_notification.terminal_notifier': Not used on non-Darwin systems
[36.624s] INFO:colcon.colcon_core.plugin_system:Skipping extension 'colcon_notification.desktop_notification.win32': Not used on non-Windows systems
[36.624s] INFO:colcon.colcon_notification.desktop_notification:Sending desktop notification using 'notify2'
[36.656s] DEBUG:colcon.colcon_core.event_reactor:joined thread
[36.714s] INFO:colcon.colcon_core.shell:Creating prefix script '/home/shahrukh/ws_magna/install/local_setup.ps1'
[36.717s] INFO:colcon.colcon_core.shell:Creating prefix util module '/home/shahrukh/ws_magna/install/_local_setup_util_ps1.py'
[36.722s] INFO:colcon.colcon_core.shell:Creating prefix chain script '/home/shahrukh/ws_magna/install/setup.ps1'
[36.760s] INFO:colcon.colcon_core.shell:Creating prefix script '/home/shahrukh/ws_magna/install/local_setup.sh'
[36.761s] INFO:colcon.colcon_core.shell:Creating prefix util module '/home/shahrukh/ws_magna/install/_local_setup_util_sh.py'
[36.762s] INFO:colcon.colcon_core.shell:Creating prefix chain script '/home/shahrukh/ws_magna/install/setup.sh'
[36.788s] INFO:colcon.colcon_core.shell:Creating prefix script '/home/shahrukh/ws_magna/install/local_setup.bash'
[36.788s] INFO:colcon.colcon_core.shell:Creating prefix chain script '/home/shahrukh/ws_magna/install/setup.bash'
[36.814s] INFO:colcon.colcon_core.shell:Creating prefix script '/home/shahrukh/ws_magna/install/local_setup.zsh'
[36.815s] INFO:colcon.colcon_core.shell:Creating prefix chain script '/home/shahrukh/ws_magna/install/setup.zsh'
