[3.764s] DEBUG:colcon:Command line arguments: ['/usr/bin/colcon', 'build', '--event-handlers', 'desktop_notification-', 'status-', '--cmake-args', '-DCMAKE_BUILD_TYPE=Release']
[3.764s] DEBUG:colcon:Parsed command line arguments: Namespace(log_base=None, log_level=None, verb_name='build', build_base='build', install_base='install', merge_install=False, symlink_install=False, test_result_base=None, continue_on_error=False, executor='parallel', parallel_workers=8, event_handlers=['desktop_notification-', 'status-'], ignore_user_meta=False, metas=['./colcon.meta'], base_paths=['.'], packages_ignore=None, packages_ignore_regex=None, paths=None, packages_up_to=None, packages_up_to_regex=None, packages_above=None, packages_above_and_dependencies=None, packages_above_depth=None, packages_select_by_dep=None, packages_skip_by_dep=None, packages_skip_up_to=None, packages_select_build_failed=False, packages_skip_build_finished=False, packages_select_test_failures=False, packages_skip_test_passed=False, packages_select=None, packages_skip=None, packages_select_regex=None, packages_skip_regex=None, packages_start=None, packages_end=None, allow_overriding=[], cmake_args=['-DCMAKE_BUILD_TYPE=Release'], cmake_target=None, cmake_target_skip_unavailable=False, cmake_clean_cache=False, cmake_clean_first=False, cmake_force_configure=False, ament_cmake_args=None, catkin_cmake_args=None, catkin_skip_building_tests=False, mixin_files=None, mixin=None, verb_parser=<colcon_mixin.mixin.mixin_argument.MixinArgumentDecorator object at 0x7f79b40f6860>, verb_extension=<colcon_core.verb.build.BuildVerb object at 0x7f79b40f4e50>, main=<bound method BuildVerb.main of <colcon_core.verb.build.BuildVerb object at 0x7f79b40f4e50>>, mixin_verb=('build',))
[4.226s] Level 1:colcon.colcon_core.package_discovery:discover_packages(colcon_meta) check parameters
[4.227s] Level 1:colcon.colcon_core.package_discovery:discover_packages(recursive) check parameters
[4.227s] Level 1:colcon.colcon_core.package_discovery:discover_packages(ignore) check parameters
[4.227s] Level 1:colcon.colcon_core.package_discovery:discover_packages(path) check parameters
[4.227s] Level 1:colcon.colcon_core.package_discovery:discover_packages(colcon_meta) discover
[4.227s] Level 1:colcon.colcon_core.package_discovery:discover_packages(recursive) discover
[4.228s] INFO:colcon.colcon_core.package_discovery:Crawling recursively for packages in '/home/shahrukh/ws_magna'
[4.228s] Level 1:colcon.colcon_core.package_identification:_identify(.) by extensions ['ignore', 'ignore_ament_install']
[4.228s] Level 1:colcon.colcon_core.package_identification:_identify(.) by extension 'ignore'
[4.228s] Level 1:colcon.colcon_core.package_identification:_identify(.) by extension 'ignore_ament_install'
[4.229s] Level 1:colcon.colcon_core.package_identification:_identify(.) by extensions ['colcon_pkg']
[4.229s] Level 1:colcon.colcon_core.package_identification:_identify(.) by extension 'colcon_pkg'
[4.229s] Level 1:colcon.colcon_core.package_identification:_identify(.) by extensions ['colcon_meta']
[4.229s] Level 1:colcon.colcon_core.package_identification:_identify(.) by extension 'colcon_meta'
[4.229s] Level 1:colcon.colcon_core.package_identification:_identify(.) by extensions ['ros']
[4.229s] Level 1:colcon.colcon_core.package_identification:_identify(.) by extension 'ros'
[4.244s] Level 1:colcon.colcon_core.package_identification:_identify(.) by extensions ['cmake', 'python']
[4.245s] Level 1:colcon.colcon_core.package_identification:_identify(.) by extension 'cmake'
[4.245s] Level 1:colcon.colcon_core.package_identification:_identify(.) by extension 'python'
[4.245s] Level 1:colcon.colcon_core.package_identification:_identify(.) by extensions ['python_setup_py']
[4.245s] Level 1:colcon.colcon_core.package_identification:_identify(.) by extension 'python_setup_py'
[4.245s] Level 1:colcon.colcon_core.package_identification:_identify(build) by extensions ['ignore', 'ignore_ament_install']
[4.245s] Level 1:colcon.colcon_core.package_identification:_identify(build) by extension 'ignore'
[4.245s] Level 1:colcon.colcon_core.package_identification:_identify(build) ignored
[4.245s] Level 1:colcon.colcon_core.package_identification:_identify(install) by extensions ['ignore', 'ignore_ament_install']
[4.246s] Level 1:colcon.colcon_core.package_identification:_identify(install) by extension 'ignore'
[4.246s] Level 1:colcon.colcon_core.package_identification:_identify(install) ignored
[4.246s] Level 1:colcon.colcon_core.package_identification:_identify(log) by extensions ['ignore', 'ignore_ament_install']
[4.246s] Level 1:colcon.colcon_core.package_identification:_identify(log) by extension 'ignore'
[4.246s] Level 1:colcon.colcon_core.package_identification:_identify(log) ignored
[4.246s] Level 1:colcon.colcon_core.package_identification:_identify(src) by extensions ['ignore', 'ignore_ament_install']
[4.246s] Level 1:colcon.colcon_core.package_identification:_identify(src) by extension 'ignore'
[4.246s] Level 1:colcon.colcon_core.package_identification:_identify(src) by extension 'ignore_ament_install'
[4.246s] Level 1:colcon.colcon_core.package_identification:_identify(src) by extensions ['colcon_pkg']
[4.246s] Level 1:colcon.colcon_core.package_identification:_identify(src) by extension 'colcon_pkg'
[4.247s] Level 1:colcon.colcon_core.package_identification:_identify(src) by extensions ['colcon_meta']
[4.247s] Level 1:colcon.colcon_core.package_identification:_identify(src) by extension 'colcon_meta'
[4.247s] Level 1:colcon.colcon_core.package_identification:_identify(src) by extensions ['ros']
[4.247s] Level 1:colcon.colcon_core.package_identification:_identify(src) by extension 'ros'
[4.247s] Level 1:colcon.colcon_core.package_identification:_identify(src) by extensions ['cmake', 'python']
[4.247s] Level 1:colcon.colcon_core.package_identification:_identify(src) by extension 'cmake'
[4.247s] Level 1:colcon.colcon_core.package_identification:_identify(src) by extension 'python'
[4.247s] Level 1:colcon.colcon_core.package_identification:_identify(src) by extensions ['python_setup_py']
[4.247s] Level 1:colcon.colcon_core.package_identification:_identify(src) by extension 'python_setup_py'
[4.247s] Level 1:colcon.colcon_core.package_identification:_identify(src/graph_msgs) by extensions ['ignore', 'ignore_ament_install']
[4.247s] Level 1:colcon.colcon_core.package_identification:_identify(src/graph_msgs) by extension 'ignore'
[4.247s] Level 1:colcon.colcon_core.package_identification:_identify(src/graph_msgs) by extension 'ignore_ament_install'
[4.248s] Level 1:colcon.colcon_core.package_identification:_identify(src/graph_msgs) by extensions ['colcon_pkg']
[4.248s] Level 1:colcon.colcon_core.package_identification:_identify(src/graph_msgs) by extension 'colcon_pkg'
[4.248s] Level 1:colcon.colcon_core.package_identification:_identify(src/graph_msgs) by extensions ['colcon_meta']
[4.248s] Level 1:colcon.colcon_core.package_identification:_identify(src/graph_msgs) by extension 'colcon_meta'
[4.248s] Level 1:colcon.colcon_core.package_identification:_identify(src/graph_msgs) by extensions ['ros']
[4.248s] Level 1:colcon.colcon_core.package_identification:_identify(src/graph_msgs) by extension 'ros'
[4.251s] DEBUG:colcon.colcon_core.package_identification:Package 'src/graph_msgs' with type 'ros.ament_cmake' and name 'graph_msgs'
[4.252s] Level 1:colcon.colcon_core.package_identification:_identify(src/magna_moveit) by extensions ['ignore', 'ignore_ament_install']
[4.252s] Level 1:colcon.colcon_core.package_identification:_identify(src/magna_moveit) by extension 'ignore'
[4.252s] Level 1:colcon.colcon_core.package_identification:_identify(src/magna_moveit) by extension 'ignore_ament_install'
[4.252s] Level 1:colcon.colcon_core.package_identification:_identify(src/magna_moveit) by extensions ['colcon_pkg']
[4.252s] Level 1:colcon.colcon_core.package_identification:_identify(src/magna_moveit) by extension 'colcon_pkg'
[4.252s] Level 1:colcon.colcon_core.package_identification:_identify(src/magna_moveit) by extensions ['colcon_meta']
[4.252s] Level 1:colcon.colcon_core.package_identification:_identify(src/magna_moveit) by extension 'colcon_meta'
[4.252s] Level 1:colcon.colcon_core.package_identification:_identify(src/magna_moveit) by extensions ['ros']
[4.252s] Level 1:colcon.colcon_core.package_identification:_identify(src/magna_moveit) by extension 'ros'
[4.253s] DEBUG:colcon.colcon_core.package_identification:Package 'src/magna_moveit' with type 'ros.ament_cmake' and name 'magna_moveit'
[4.253s] Level 1:colcon.colcon_core.package_identification:_identify(src/moveit2_tutorials) by extensions ['ignore', 'ignore_ament_install']
[4.253s] Level 1:colcon.colcon_core.package_identification:_identify(src/moveit2_tutorials) by extension 'ignore'
[4.254s] Level 1:colcon.colcon_core.package_identification:_identify(src/moveit2_tutorials) by extension 'ignore_ament_install'
[4.254s] Level 1:colcon.colcon_core.package_identification:_identify(src/moveit2_tutorials) by extensions ['colcon_pkg']
[4.254s] Level 1:colcon.colcon_core.package_identification:_identify(src/moveit2_tutorials) by extension 'colcon_pkg'
[4.254s] Level 1:colcon.colcon_core.package_identification:_identify(src/moveit2_tutorials) by extensions ['colcon_meta']
[4.254s] Level 1:colcon.colcon_core.package_identification:_identify(src/moveit2_tutorials) by extension 'colcon_meta'
[4.254s] Level 1:colcon.colcon_core.package_identification:_identify(src/moveit2_tutorials) by extensions ['ros']
[4.254s] Level 1:colcon.colcon_core.package_identification:_identify(src/moveit2_tutorials) by extension 'ros'
[4.256s] DEBUG:colcon.colcon_core.package_identification:Package 'src/moveit2_tutorials' with type 'ros.ament_cmake' and name 'moveit2_tutorials'
[4.257s] Level 1:colcon.colcon_core.package_identification:_identify(src/moveit_visual_tools) by extensions ['ignore', 'ignore_ament_install']
[4.257s] Level 1:colcon.colcon_core.package_identification:_identify(src/moveit_visual_tools) by extension 'ignore'
[4.257s] Level 1:colcon.colcon_core.package_identification:_identify(src/moveit_visual_tools) by extension 'ignore_ament_install'
[4.257s] Level 1:colcon.colcon_core.package_identification:_identify(src/moveit_visual_tools) by extensions ['colcon_pkg']
[4.257s] Level 1:colcon.colcon_core.package_identification:_identify(src/moveit_visual_tools) by extension 'colcon_pkg'
[4.257s] Level 1:colcon.colcon_core.package_identification:_identify(src/moveit_visual_tools) by extensions ['colcon_meta']
[4.257s] Level 1:colcon.colcon_core.package_identification:_identify(src/moveit_visual_tools) by extension 'colcon_meta'
[4.257s] Level 1:colcon.colcon_core.package_identification:_identify(src/moveit_visual_tools) by extensions ['ros']
[4.257s] Level 1:colcon.colcon_core.package_identification:_identify(src/moveit_visual_tools) by extension 'ros'
[4.259s] DEBUG:colcon.colcon_core.package_identification:Package 'src/moveit_visual_tools' with type 'ros.ament_cmake' and name 'moveit_visual_tools'
[4.259s] Level 1:colcon.colcon_core.package_identification:_identify(src/rviz_visual_tools) by extensions ['ignore', 'ignore_ament_install']
[4.259s] Level 1:colcon.colcon_core.package_identification:_identify(src/rviz_visual_tools) by extension 'ignore'
[4.259s] Level 1:colcon.colcon_core.package_identification:_identify(src/rviz_visual_tools) by extension 'ignore_ament_install'
[4.259s] Level 1:colcon.colcon_core.package_identification:_identify(src/rviz_visual_tools) by extensions ['colcon_pkg']
[4.259s] Level 1:colcon.colcon_core.package_identification:_identify(src/rviz_visual_tools) by extension 'colcon_pkg'
[4.259s] Level 1:colcon.colcon_core.package_identification:_identify(src/rviz_visual_tools) by extensions ['colcon_meta']
[4.260s] Level 1:colcon.colcon_core.package_identification:_identify(src/rviz_visual_tools) by extension 'colcon_meta'
[4.260s] Level 1:colcon.colcon_core.package_identification:_identify(src/rviz_visual_tools) by extensions ['ros']
[4.260s] Level 1:colcon.colcon_core.package_identification:_identify(src/rviz_visual_tools) by extension 'ros'
[4.262s] DEBUG:colcon.colcon_core.package_identification:Package 'src/rviz_visual_tools' with type 'ros.ament_cmake' and name 'rviz_visual_tools'
[4.262s] Level 1:colcon.colcon_core.package_discovery:discover_packages(recursive) using defaults
[4.262s] Level 1:colcon.colcon_core.package_discovery:discover_packages(ignore) discover
[4.262s] Level 1:colcon.colcon_core.package_discovery:discover_packages(ignore) using defaults
[4.262s] Level 1:colcon.colcon_core.package_discovery:discover_packages(path) discover
[4.262s] Level 1:colcon.colcon_core.package_discovery:discover_packages(path) using defaults
[4.515s] Level 1:colcon.colcon_core.package_discovery:discover_packages(prefix_path) check parameters
[4.516s] Level 1:colcon.colcon_core.package_discovery:discover_packages(prefix_path) discover
[4.586s] DEBUG:colcon.colcon_installed_package_information.package_discovery:Found 56 installed packages in /home/shahrukh/ws_moveit2/install
[4.605s] DEBUG:colcon.colcon_installed_package_information.package_discovery:Found 325 installed packages in /opt/ros/humble
[4.607s] Level 1:colcon.colcon_core.package_discovery:discover_packages(prefix_path) using defaults
[5.684s] Level 5:colcon.colcon_core.verb:set package 'graph_msgs' build argument 'cmake_args' from command line to '['-DCMAKE_BUILD_TYPE=Release']'
[5.684s] Level 5:colcon.colcon_core.verb:set package 'graph_msgs' build argument 'cmake_target' from command line to 'None'
[5.684s] Level 5:colcon.colcon_core.verb:set package 'graph_msgs' build argument 'cmake_target_skip_unavailable' from command line to 'False'
[5.684s] Level 5:colcon.colcon_core.verb:set package 'graph_msgs' build argument 'cmake_clean_cache' from command line to 'False'
[5.684s] Level 5:colcon.colcon_core.verb:set package 'graph_msgs' build argument 'cmake_clean_first' from command line to 'False'
[5.685s] Level 5:colcon.colcon_core.verb:set package 'graph_msgs' build argument 'cmake_force_configure' from command line to 'False'
[5.685s] Level 5:colcon.colcon_core.verb:set package 'graph_msgs' build argument 'ament_cmake_args' from command line to 'None'
[5.685s] Level 5:colcon.colcon_core.verb:set package 'graph_msgs' build argument 'catkin_cmake_args' from command line to 'None'
[5.685s] Level 5:colcon.colcon_core.verb:set package 'graph_msgs' build argument 'catkin_skip_building_tests' from command line to 'False'
[5.685s] DEBUG:colcon.colcon_core.verb:Building package 'graph_msgs' with the following arguments: {'ament_cmake_args': None, 'build_base': '/home/shahrukh/ws_magna/build/graph_msgs', 'catkin_cmake_args': None, 'catkin_skip_building_tests': False, 'cmake_args': ['-DCMAKE_BUILD_TYPE=Release'], 'cmake_clean_cache': False, 'cmake_clean_first': False, 'cmake_force_configure': False, 'cmake_target': None, 'cmake_target_skip_unavailable': False, 'install_base': '/home/shahrukh/ws_magna/install/graph_msgs', 'merge_install': False, 'path': '/home/shahrukh/ws_magna/src/graph_msgs', 'symlink_install': False, 'test_result_base': None}
[5.703s] Level 5:colcon.colcon_core.verb:set package 'magna_moveit' build argument 'cmake_args' from command line to '['-DCMAKE_BUILD_TYPE=Release']'
[5.703s] Level 5:colcon.colcon_core.verb:set package 'magna_moveit' build argument 'cmake_target' from command line to 'None'
[5.703s] Level 5:colcon.colcon_core.verb:set package 'magna_moveit' build argument 'cmake_target_skip_unavailable' from command line to 'False'
[5.703s] Level 5:colcon.colcon_core.verb:set package 'magna_moveit' build argument 'cmake_clean_cache' from command line to 'False'
[5.703s] Level 5:colcon.colcon_core.verb:set package 'magna_moveit' build argument 'cmake_clean_first' from command line to 'False'
[5.703s] Level 5:colcon.colcon_core.verb:set package 'magna_moveit' build argument 'cmake_force_configure' from command line to 'False'
[5.703s] Level 5:colcon.colcon_core.verb:set package 'magna_moveit' build argument 'ament_cmake_args' from command line to 'None'
[5.703s] Level 5:colcon.colcon_core.verb:set package 'magna_moveit' build argument 'catkin_cmake_args' from command line to 'None'
[5.703s] Level 5:colcon.colcon_core.verb:set package 'magna_moveit' build argument 'catkin_skip_building_tests' from command line to 'False'
[5.703s] DEBUG:colcon.colcon_core.verb:Building package 'magna_moveit' with the following arguments: {'ament_cmake_args': None, 'build_base': '/home/shahrukh/ws_magna/build/magna_moveit', 'catkin_cmake_args': None, 'catkin_skip_building_tests': False, 'cmake_args': ['-DCMAKE_BUILD_TYPE=Release'], 'cmake_clean_cache': False, 'cmake_clean_first': False, 'cmake_force_configure': False, 'cmake_target': None, 'cmake_target_skip_unavailable': False, 'install_base': '/home/shahrukh/ws_magna/install/magna_moveit', 'merge_install': False, 'path': '/home/shahrukh/ws_magna/src/magna_moveit', 'symlink_install': False, 'test_result_base': None}
[5.721s] Level 5:colcon.colcon_core.verb:set package 'rviz_visual_tools' build argument 'cmake_args' from command line to '['-DCMAKE_BUILD_TYPE=Release']'
[5.721s] Level 5:colcon.colcon_core.verb:set package 'rviz_visual_tools' build argument 'cmake_target' from command line to 'None'
[5.721s] Level 5:colcon.colcon_core.verb:set package 'rviz_visual_tools' build argument 'cmake_target_skip_unavailable' from command line to 'False'
[5.721s] Level 5:colcon.colcon_core.verb:set package 'rviz_visual_tools' build argument 'cmake_clean_cache' from command line to 'False'
[5.721s] Level 5:colcon.colcon_core.verb:set package 'rviz_visual_tools' build argument 'cmake_clean_first' from command line to 'False'
[5.721s] Level 5:colcon.colcon_core.verb:set package 'rviz_visual_tools' build argument 'cmake_force_configure' from command line to 'False'
[5.721s] Level 5:colcon.colcon_core.verb:set package 'rviz_visual_tools' build argument 'ament_cmake_args' from command line to 'None'
[5.721s] Level 5:colcon.colcon_core.verb:set package 'rviz_visual_tools' build argument 'catkin_cmake_args' from command line to 'None'
[5.721s] Level 5:colcon.colcon_core.verb:set package 'rviz_visual_tools' build argument 'catkin_skip_building_tests' from command line to 'False'
[5.721s] DEBUG:colcon.colcon_core.verb:Building package 'rviz_visual_tools' with the following arguments: {'ament_cmake_args': None, 'build_base': '/home/shahrukh/ws_magna/build/rviz_visual_tools', 'catkin_cmake_args': None, 'catkin_skip_building_tests': False, 'cmake_args': ['-DCMAKE_BUILD_TYPE=Release'], 'cmake_clean_cache': False, 'cmake_clean_first': False, 'cmake_force_configure': False, 'cmake_target': None, 'cmake_target_skip_unavailable': False, 'install_base': '/home/shahrukh/ws_magna/install/rviz_visual_tools', 'merge_install': False, 'path': '/home/shahrukh/ws_magna/src/rviz_visual_tools', 'symlink_install': False, 'test_result_base': None}
[5.739s] Level 5:colcon.colcon_core.verb:set package 'moveit_visual_tools' build argument 'cmake_args' from command line to '['-DCMAKE_BUILD_TYPE=Release']'
[5.739s] Level 5:colcon.colcon_core.verb:set package 'moveit_visual_tools' build argument 'cmake_target' from command line to 'None'
[5.739s] Level 5:colcon.colcon_core.verb:set package 'moveit_visual_tools' build argument 'cmake_target_skip_unavailable' from command line to 'False'
[5.739s] Level 5:colcon.colcon_core.verb:set package 'moveit_visual_tools' build argument 'cmake_clean_cache' from command line to 'False'
[5.739s] Level 5:colcon.colcon_core.verb:set package 'moveit_visual_tools' build argument 'cmake_clean_first' from command line to 'False'
[5.739s] Level 5:colcon.colcon_core.verb:set package 'moveit_visual_tools' build argument 'cmake_force_configure' from command line to 'False'
[5.739s] Level 5:colcon.colcon_core.verb:set package 'moveit_visual_tools' build argument 'ament_cmake_args' from command line to 'None'
[5.739s] Level 5:colcon.colcon_core.verb:set package 'moveit_visual_tools' build argument 'catkin_cmake_args' from command line to 'None'
[5.739s] Level 5:colcon.colcon_core.verb:set package 'moveit_visual_tools' build argument 'catkin_skip_building_tests' from command line to 'False'
[5.739s] DEBUG:colcon.colcon_core.verb:Building package 'moveit_visual_tools' with the following arguments: {'ament_cmake_args': None, 'build_base': '/home/shahrukh/ws_magna/build/moveit_visual_tools', 'catkin_cmake_args': None, 'catkin_skip_building_tests': False, 'cmake_args': ['-DCMAKE_BUILD_TYPE=Release'], 'cmake_clean_cache': False, 'cmake_clean_first': False, 'cmake_force_configure': False, 'cmake_target': None, 'cmake_target_skip_unavailable': False, 'install_base': '/home/shahrukh/ws_magna/install/moveit_visual_tools', 'merge_install': False, 'path': '/home/shahrukh/ws_magna/src/moveit_visual_tools', 'symlink_install': False, 'test_result_base': None}
[5.757s] Level 5:colcon.colcon_core.verb:set package 'moveit2_tutorials' build argument 'cmake_args' from command line to '['-DCMAKE_BUILD_TYPE=Release']'
[5.757s] Level 5:colcon.colcon_core.verb:set package 'moveit2_tutorials' build argument 'cmake_target' from command line to 'None'
[5.758s] Level 5:colcon.colcon_core.verb:set package 'moveit2_tutorials' build argument 'cmake_target_skip_unavailable' from command line to 'False'
[5.758s] Level 5:colcon.colcon_core.verb:set package 'moveit2_tutorials' build argument 'cmake_clean_cache' from command line to 'False'
[5.758s] Level 5:colcon.colcon_core.verb:set package 'moveit2_tutorials' build argument 'cmake_clean_first' from command line to 'False'
[5.758s] Level 5:colcon.colcon_core.verb:set package 'moveit2_tutorials' build argument 'cmake_force_configure' from command line to 'False'
[5.758s] Level 5:colcon.colcon_core.verb:set package 'moveit2_tutorials' build argument 'ament_cmake_args' from command line to 'None'
[5.758s] Level 5:colcon.colcon_core.verb:set package 'moveit2_tutorials' build argument 'catkin_cmake_args' from command line to 'None'
[5.758s] Level 5:colcon.colcon_core.verb:set package 'moveit2_tutorials' build argument 'catkin_skip_building_tests' from command line to 'False'
[5.758s] DEBUG:colcon.colcon_core.verb:Building package 'moveit2_tutorials' with the following arguments: {'ament_cmake_args': None, 'build_base': '/home/shahrukh/ws_magna/build/moveit2_tutorials', 'catkin_cmake_args': None, 'catkin_skip_building_tests': False, 'cmake_args': ['-DCMAKE_BUILD_TYPE=Release'], 'cmake_clean_cache': False, 'cmake_clean_first': False, 'cmake_force_configure': False, 'cmake_target': None, 'cmake_target_skip_unavailable': False, 'install_base': '/home/shahrukh/ws_magna/install/moveit2_tutorials', 'merge_install': False, 'path': '/home/shahrukh/ws_magna/src/moveit2_tutorials', 'symlink_install': False, 'test_result_base': None}
[5.776s] INFO:colcon.colcon_core.executor:Executing jobs using 'parallel' executor
[5.794s] DEBUG:colcon.colcon_parallel_executor.executor.parallel:run_until_complete
[5.794s] INFO:colcon.colcon_ros.task.ament_cmake.build:Building ROS package in '/home/shahrukh/ws_magna/src/graph_msgs' with build type 'ament_cmake'
[5.794s] INFO:colcon.colcon_cmake.task.cmake.build:Building CMake package in '/home/shahrukh/ws_magna/src/graph_msgs'
[5.836s] INFO:colcon.colcon_core.plugin_system:Skipping extension 'colcon_core.shell.bat': Not used on non-Windows systems
[5.837s] INFO:colcon.colcon_core.shell:Skip shell extension 'powershell' for command environment: Not usable outside of PowerShell
[5.837s] DEBUG:colcon.colcon_core.shell:Skip shell extension 'dsv' for command environment
[5.923s] INFO:colcon.colcon_ros.task.ament_cmake.build:Building ROS package in '/home/shahrukh/ws_magna/src/rviz_visual_tools' with build type 'ament_cmake'
[5.923s] INFO:colcon.colcon_cmake.task.cmake.build:Building CMake package in '/home/shahrukh/ws_magna/src/rviz_visual_tools'
[5.946s] INFO:colcon.colcon_core.shell:Skip shell extension 'powershell' for command environment: Not usable outside of PowerShell
[5.946s] DEBUG:colcon.colcon_core.shell:Skip shell extension 'dsv' for command environment
[6.010s] INFO:colcon.colcon_ros.task.ament_cmake.build:Building ROS package in '/home/shahrukh/ws_magna/src/magna_moveit' with build type 'ament_cmake'
[6.010s] INFO:colcon.colcon_cmake.task.cmake.build:Building CMake package in '/home/shahrukh/ws_magna/src/magna_moveit'
[6.031s] INFO:colcon.colcon_core.shell:Skip shell extension 'powershell' for command environment: Not usable outside of PowerShell
[6.031s] DEBUG:colcon.colcon_core.shell:Skip shell extension 'dsv' for command environment
[6.112s] DEBUG:colcon.colcon_core.event_handler.log_command:Invoking command in '/home/shahrukh/ws_magna/build/graph_msgs': CMAKE_PREFIX_PATH=${CMAKE_PREFIX_PATH}:/home/shahrukh/ws_moveit2/install/moveit_configs_utils:/home/shahrukh/ws_moveit2/install/launch_param_builder:/opt/ros/humble /usr/bin/cmake /home/shahrukh/ws_magna/src/graph_msgs -DCMAKE_BUILD_TYPE=Release -DCMAKE_INSTALL_PREFIX=/home/shahrukh/ws_magna/install/graph_msgs
[6.170s] DEBUG:colcon.colcon_core.event_handler.log_command:Invoking command in '/home/shahrukh/ws_magna/build/rviz_visual_tools': CMAKE_PREFIX_PATH=${CMAKE_PREFIX_PATH}:/home/shahrukh/ws_moveit2/install/moveit_configs_utils:/home/shahrukh/ws_moveit2/install/launch_param_builder:/opt/ros/humble /usr/bin/cmake /home/shahrukh/ws_magna/src/rviz_visual_tools -DCMAKE_BUILD_TYPE=Release -DCMAKE_INSTALL_PREFIX=/home/shahrukh/ws_magna/install/rviz_visual_tools
[6.219s] DEBUG:colcon.colcon_core.event_handler.log_command:Invoking command in '/home/shahrukh/ws_magna/build/magna_moveit': CMAKE_PREFIX_PATH=${CMAKE_PREFIX_PATH}:/home/shahrukh/ws_moveit2/install/moveit_configs_utils:/home/shahrukh/ws_moveit2/install/launch_param_builder:/opt/ros/humble /usr/bin/cmake /home/shahrukh/ws_magna/src/magna_moveit -DCMAKE_BUILD_TYPE=Release -DCMAKE_INSTALL_PREFIX=/home/shahrukh/ws_magna/install/magna_moveit
[15.517s] DEBUG:colcon.colcon_core.event_handler.log_command:Invoked command in '/home/shahrukh/ws_magna/build/graph_msgs' returned '0': CMAKE_PREFIX_PATH=${CMAKE_PREFIX_PATH}:/home/shahrukh/ws_moveit2/install/moveit_configs_utils:/home/shahrukh/ws_moveit2/install/launch_param_builder:/opt/ros/humble /usr/bin/cmake /home/shahrukh/ws_magna/src/graph_msgs -DCMAKE_BUILD_TYPE=Release -DCMAKE_INSTALL_PREFIX=/home/shahrukh/ws_magna/install/graph_msgs
[15.522s] DEBUG:colcon.colcon_core.event_handler.log_command:Invoking command in '/home/shahrukh/ws_magna/build/graph_msgs': CMAKE_PREFIX_PATH=${CMAKE_PREFIX_PATH}:/home/shahrukh/ws_moveit2/install/moveit_configs_utils:/home/shahrukh/ws_moveit2/install/launch_param_builder:/opt/ros/humble /usr/bin/cmake --build /home/shahrukh/ws_magna/build/graph_msgs -- -j8 -l8
[21.732s] DEBUG:colcon.colcon_core.event_handler.log_command:Invoked command in '/home/shahrukh/ws_magna/build/magna_moveit' returned '0': CMAKE_PREFIX_PATH=${CMAKE_PREFIX_PATH}:/home/shahrukh/ws_moveit2/install/moveit_configs_utils:/home/shahrukh/ws_moveit2/install/launch_param_builder:/opt/ros/humble /usr/bin/cmake /home/shahrukh/ws_magna/src/magna_moveit -DCMAKE_BUILD_TYPE=Release -DCMAKE_INSTALL_PREFIX=/home/shahrukh/ws_magna/install/magna_moveit
[21.737s] DEBUG:colcon.colcon_core.event_handler.log_command:Invoking command in '/home/shahrukh/ws_magna/build/magna_moveit': CMAKE_PREFIX_PATH=${CMAKE_PREFIX_PATH}:/home/shahrukh/ws_moveit2/install/moveit_configs_utils:/home/shahrukh/ws_moveit2/install/launch_param_builder:/opt/ros/humble /usr/bin/cmake --build /home/shahrukh/ws_magna/build/magna_moveit -- -j8 -l8
[22.715s] DEBUG:colcon.colcon_core.event_handler.log_command:Invoked command in '/home/shahrukh/ws_magna/build/graph_msgs' returned '0': CMAKE_PREFIX_PATH=${CMAKE_PREFIX_PATH}:/home/shahrukh/ws_moveit2/install/moveit_configs_utils:/home/shahrukh/ws_moveit2/install/launch_param_builder:/opt/ros/humble /usr/bin/cmake --build /home/shahrukh/ws_magna/build/graph_msgs -- -j8 -l8
[22.952s] DEBUG:colcon.colcon_core.event_handler.log_command:Invoked command in '/home/shahrukh/ws_magna/build/rviz_visual_tools' returned '0': CMAKE_PREFIX_PATH=${CMAKE_PREFIX_PATH}:/home/shahrukh/ws_moveit2/install/moveit_configs_utils:/home/shahrukh/ws_moveit2/install/launch_param_builder:/opt/ros/humble /usr/bin/cmake /home/shahrukh/ws_magna/src/rviz_visual_tools -DCMAKE_BUILD_TYPE=Release -DCMAKE_INSTALL_PREFIX=/home/shahrukh/ws_magna/install/rviz_visual_tools
[22.956s] DEBUG:colcon.colcon_core.event_handler.log_command:Invoking command in '/home/shahrukh/ws_magna/build/rviz_visual_tools': CMAKE_PREFIX_PATH=${CMAKE_PREFIX_PATH}:/home/shahrukh/ws_moveit2/install/moveit_configs_utils:/home/shahrukh/ws_moveit2/install/launch_param_builder:/opt/ros/humble /usr/bin/cmake --build /home/shahrukh/ws_magna/build/rviz_visual_tools -- -j8 -l8
[23.109s] DEBUG:colcon.colcon_core.event_handler.log_command:Invoking command in '/home/shahrukh/ws_magna/build/graph_msgs': CMAKE_PREFIX_PATH=${CMAKE_PREFIX_PATH}:/home/shahrukh/ws_moveit2/install/moveit_configs_utils:/home/shahrukh/ws_moveit2/install/launch_param_builder:/opt/ros/humble /usr/bin/cmake --install /home/shahrukh/ws_magna/build/graph_msgs
[23.286s] Level 1:colcon.colcon_core.environment:create_environment_scripts_only(graph_msgs)
[23.288s] DEBUG:colcon.colcon_core.event_handler.log_command:Invoked command in '/home/shahrukh/ws_magna/build/graph_msgs' returned '0': CMAKE_PREFIX_PATH=${CMAKE_PREFIX_PATH}:/home/shahrukh/ws_moveit2/install/moveit_configs_utils:/home/shahrukh/ws_moveit2/install/launch_param_builder:/opt/ros/humble /usr/bin/cmake --install /home/shahrukh/ws_magna/build/graph_msgs
[23.659s] Level 1:colcon.colcon_core.environment:checking '/home/shahrukh/ws_magna/install/graph_msgs' for CMake module files
[23.661s] Level 1:colcon.colcon_core.environment:checking '/home/shahrukh/ws_magna/install/graph_msgs' for CMake config files
[23.662s] Level 1:colcon.colcon_core.shell:create_environment_hook('graph_msgs', 'cmake_prefix_path')
[23.719s] INFO:colcon.colcon_core.shell:Creating environment hook '/home/shahrukh/ws_magna/install/graph_msgs/share/graph_msgs/hook/cmake_prefix_path.ps1'
[23.758s] INFO:colcon.colcon_core.shell:Creating environment descriptor '/home/shahrukh/ws_magna/install/graph_msgs/share/graph_msgs/hook/cmake_prefix_path.dsv'
[23.808s] INFO:colcon.colcon_core.shell:Creating environment hook '/home/shahrukh/ws_magna/install/graph_msgs/share/graph_msgs/hook/cmake_prefix_path.sh'
[23.812s] Level 1:colcon.colcon_core.environment:checking '/home/shahrukh/ws_magna/install/graph_msgs/lib'
[23.813s] Level 1:colcon.colcon_core.shell:create_environment_hook('graph_msgs', 'ld_library_path_lib')
[23.879s] INFO:colcon.colcon_core.shell:Creating environment hook '/home/shahrukh/ws_magna/install/graph_msgs/share/graph_msgs/hook/ld_library_path_lib.ps1'
[23.880s] INFO:colcon.colcon_core.shell:Creating environment descriptor '/home/shahrukh/ws_magna/install/graph_msgs/share/graph_msgs/hook/ld_library_path_lib.dsv'
[23.880s] INFO:colcon.colcon_core.shell:Creating environment hook '/home/shahrukh/ws_magna/install/graph_msgs/share/graph_msgs/hook/ld_library_path_lib.sh'
[23.881s] Level 1:colcon.colcon_core.environment:checking '/home/shahrukh/ws_magna/install/graph_msgs/bin'
[23.882s] Level 1:colcon.colcon_core.environment:checking '/home/shahrukh/ws_magna/install/graph_msgs/lib/pkgconfig/graph_msgs.pc'
[23.882s] Level 1:colcon.colcon_core.environment:checking '/home/shahrukh/ws_magna/install/graph_msgs/lib/python3.10/site-packages'
[23.883s] Level 1:colcon.colcon_core.environment:checking '/home/shahrukh/ws_magna/install/graph_msgs/bin'
[23.904s] INFO:colcon.colcon_core.shell:Creating package script '/home/shahrukh/ws_magna/install/graph_msgs/share/graph_msgs/package.ps1'
[23.905s] INFO:colcon.colcon_core.shell:Creating package descriptor '/home/shahrukh/ws_magna/install/graph_msgs/share/graph_msgs/package.dsv'
[23.908s] INFO:colcon.colcon_core.shell:Creating package script '/home/shahrukh/ws_magna/install/graph_msgs/share/graph_msgs/package.sh'
[23.910s] INFO:colcon.colcon_core.shell:Creating package script '/home/shahrukh/ws_magna/install/graph_msgs/share/graph_msgs/package.bash'
[23.943s] INFO:colcon.colcon_core.shell:Creating package script '/home/shahrukh/ws_magna/install/graph_msgs/share/graph_msgs/package.zsh'
[24.001s] Level 1:colcon.colcon_core.environment:create_file_with_runtime_dependencies(/home/shahrukh/ws_magna/install/graph_msgs/share/colcon-core/packages/graph_msgs)
[24.353s] Level 1:colcon.colcon_core.environment:create_environment_scripts_only(graph_msgs)
[24.379s] Level 1:colcon.colcon_core.environment:checking '/home/shahrukh/ws_magna/install/graph_msgs' for CMake module files
[24.380s] Level 1:colcon.colcon_core.environment:checking '/home/shahrukh/ws_magna/install/graph_msgs' for CMake config files
[24.381s] Level 1:colcon.colcon_core.shell:create_environment_hook('graph_msgs', 'cmake_prefix_path')
[24.406s] INFO:colcon.colcon_core.shell:Creating environment hook '/home/shahrukh/ws_magna/install/graph_msgs/share/graph_msgs/hook/cmake_prefix_path.ps1'
[24.406s] INFO:colcon.colcon_core.shell:Creating environment descriptor '/home/shahrukh/ws_magna/install/graph_msgs/share/graph_msgs/hook/cmake_prefix_path.dsv'
[24.407s] INFO:colcon.colcon_core.shell:Creating environment hook '/home/shahrukh/ws_magna/install/graph_msgs/share/graph_msgs/hook/cmake_prefix_path.sh'
[24.408s] Level 1:colcon.colcon_core.environment:checking '/home/shahrukh/ws_magna/install/graph_msgs/lib'
[24.408s] Level 1:colcon.colcon_core.shell:create_environment_hook('graph_msgs', 'ld_library_path_lib')
[24.432s] INFO:colcon.colcon_core.shell:Creating environment hook '/home/shahrukh/ws_magna/install/graph_msgs/share/graph_msgs/hook/ld_library_path_lib.ps1'
[24.432s] INFO:colcon.colcon_core.shell:Creating environment descriptor '/home/shahrukh/ws_magna/install/graph_msgs/share/graph_msgs/hook/ld_library_path_lib.dsv'
[24.433s] INFO:colcon.colcon_core.shell:Creating environment hook '/home/shahrukh/ws_magna/install/graph_msgs/share/graph_msgs/hook/ld_library_path_lib.sh'
[24.434s] Level 1:colcon.colcon_core.environment:checking '/home/shahrukh/ws_magna/install/graph_msgs/bin'
[24.434s] Level 1:colcon.colcon_core.environment:checking '/home/shahrukh/ws_magna/install/graph_msgs/lib/pkgconfig/graph_msgs.pc'
[24.434s] Level 1:colcon.colcon_core.environment:checking '/home/shahrukh/ws_magna/install/graph_msgs/lib/python3.10/site-packages'
[24.434s] Level 1:colcon.colcon_core.environment:checking '/home/shahrukh/ws_magna/install/graph_msgs/bin'
[24.459s] INFO:colcon.colcon_core.shell:Creating package script '/home/shahrukh/ws_magna/install/graph_msgs/share/graph_msgs/package.ps1'
[24.460s] INFO:colcon.colcon_core.shell:Creating package descriptor '/home/shahrukh/ws_magna/install/graph_msgs/share/graph_msgs/package.dsv'
[24.461s] INFO:colcon.colcon_core.shell:Creating package script '/home/shahrukh/ws_magna/install/graph_msgs/share/graph_msgs/package.sh'
[24.461s] INFO:colcon.colcon_core.shell:Creating package script '/home/shahrukh/ws_magna/install/graph_msgs/share/graph_msgs/package.bash'
[24.462s] INFO:colcon.colcon_core.shell:Creating package script '/home/shahrukh/ws_magna/install/graph_msgs/share/graph_msgs/package.zsh'
[24.463s] Level 1:colcon.colcon_core.environment:create_file_with_runtime_dependencies(/home/shahrukh/ws_magna/install/graph_msgs/share/colcon-core/packages/graph_msgs)
[29.150s] DEBUG:colcon.colcon_core.event_handler.log_command:Invoked command in '/home/shahrukh/ws_magna/build/magna_moveit' returned '2': CMAKE_PREFIX_PATH=${CMAKE_PREFIX_PATH}:/home/shahrukh/ws_moveit2/install/moveit_configs_utils:/home/shahrukh/ws_moveit2/install/launch_param_builder:/opt/ros/humble /usr/bin/cmake --build /home/shahrukh/ws_magna/build/magna_moveit -- -j8 -l8
[29.314s] Level 1:colcon.colcon_core.environment:create_environment_scripts_only(magna_moveit)
[29.358s] Level 1:colcon.colcon_core.environment:checking '/home/shahrukh/ws_magna/install/magna_moveit' for CMake module files
[29.367s] Level 1:colcon.colcon_core.environment:checking '/home/shahrukh/ws_magna/install/magna_moveit' for CMake config files
[29.389s] Level 1:colcon.colcon_core.environment:checking '/home/shahrukh/ws_magna/install/magna_moveit/bin'
[29.390s] Level 1:colcon.colcon_core.environment:checking '/home/shahrukh/ws_magna/install/magna_moveit/lib/pkgconfig/magna_moveit.pc'
[29.390s] Level 1:colcon.colcon_core.environment:checking '/home/shahrukh/ws_magna/install/magna_moveit/lib/python3.10/site-packages'
[29.392s] Level 1:colcon.colcon_core.environment:checking '/home/shahrukh/ws_magna/install/magna_moveit/bin'
[29.482s] INFO:colcon.colcon_core.shell:Creating package script '/home/shahrukh/ws_magna/install/magna_moveit/share/magna_moveit/package.ps1'
[29.487s] INFO:colcon.colcon_core.shell:Creating package descriptor '/home/shahrukh/ws_magna/install/magna_moveit/share/magna_moveit/package.dsv'
[29.490s] INFO:colcon.colcon_core.shell:Creating package script '/home/shahrukh/ws_magna/install/magna_moveit/share/magna_moveit/package.sh'
[29.493s] INFO:colcon.colcon_core.shell:Creating package script '/home/shahrukh/ws_magna/install/magna_moveit/share/magna_moveit/package.bash'
[29.496s] INFO:colcon.colcon_core.shell:Creating package script '/home/shahrukh/ws_magna/install/magna_moveit/share/magna_moveit/package.zsh'
[29.499s] Level 1:colcon.colcon_core.environment:create_file_with_runtime_dependencies(/home/shahrukh/ws_magna/install/magna_moveit/share/colcon-core/packages/magna_moveit)
[76.009s] DEBUG:colcon.colcon_parallel_executor.executor.parallel:closing loop
[76.009s] DEBUG:colcon.colcon_parallel_executor.executor.parallel:loop closed
[76.010s] DEBUG:colcon.colcon_parallel_executor.executor.parallel:run_until_complete finished with '2'
[76.010s] DEBUG:colcon.colcon_core.event_reactor:joining thread
[76.033s] DEBUG:colcon.colcon_core.event_reactor:joined thread
[76.073s] INFO:colcon.colcon_core.shell:Creating prefix script '/home/shahrukh/ws_magna/install/local_setup.ps1'
[76.089s] INFO:colcon.colcon_core.shell:Creating prefix util module '/home/shahrukh/ws_magna/install/_local_setup_util_ps1.py'
[76.119s] INFO:colcon.colcon_core.shell:Creating prefix chain script '/home/shahrukh/ws_magna/install/setup.ps1'
[76.184s] INFO:colcon.colcon_core.shell:Creating prefix script '/home/shahrukh/ws_magna/install/local_setup.sh'
[76.194s] INFO:colcon.colcon_core.shell:Creating prefix util module '/home/shahrukh/ws_magna/install/_local_setup_util_sh.py'
[76.195s] INFO:colcon.colcon_core.shell:Creating prefix chain script '/home/shahrukh/ws_magna/install/setup.sh'
[76.219s] INFO:colcon.colcon_core.shell:Creating prefix script '/home/shahrukh/ws_magna/install/local_setup.bash'
[76.240s] INFO:colcon.colcon_core.shell:Creating prefix chain script '/home/shahrukh/ws_magna/install/setup.bash'
[76.267s] INFO:colcon.colcon_core.shell:Creating prefix script '/home/shahrukh/ws_magna/install/local_setup.zsh'
[76.277s] INFO:colcon.colcon_core.shell:Creating prefix chain script '/home/shahrukh/ws_magna/install/setup.zsh'
