[0.246s] Invoking command in '/home/shahrukh/ws_magna/build/rviz_visual_tools': CMAKE_PREFIX_PATH=${CMAKE_PREFIX_PATH}:/home/shahrukh/ws_moveit2/install/moveit_configs_utils:/home/shahrukh/ws_moveit2/install/launch_param_builder:/opt/ros/humble /usr/bin/cmake /home/shahrukh/ws_magna/src/rviz_visual_tools -DCMAKE_BUILD_TYPE=Release -DCMAKE_INSTALL_PREFIX=/home/shahrukh/ws_magna/install/rviz_visual_tools
[3.531s] -- The C compiler identification is GNU 11.4.0
[4.354s] -- The CXX compiler identification is GNU 11.4.0
[4.380s] -- Detecting C compiler ABI info
[4.849s] -- Detecting C compiler ABI info - done
[4.858s] -- Check for working C compiler: /usr/bin/cc - skipped
[4.900s] -- Detecting C compile features
[4.917s] -- Detecting C compile features - done
[4.921s] -- Detecting CXX compiler ABI info
[5.184s] -- Detecting CXX compiler ABI info - done
[5.193s] -- Check for working CXX compiler: /usr/bin/c++ - skipped
[5.194s] -- Detecting CXX compile features
[5.194s] -- Detecting CXX compile features - done
[5.231s] -- Found ament_cmake: 1.3.5 (/opt/ros/humble/share/ament_cmake/cmake)
[5.571s] -- Found Python3: /usr/bin/python3.10 (found version "3.10.12") found components: Interpreter 
[5.889s] -- Found rclcpp: 16.0.6 (/opt/ros/humble/share/rclcpp/cmake)
[6.054s] -- Found rosidl_generator_c: 3.1.5 (/opt/ros/humble/share/rosidl_generator_c/cmake)
[6.076s] -- Found rosidl_adapter: 3.1.5 (/opt/ros/humble/share/rosidl_adapter/cmake)
[6.103s] -- Found rosidl_generator_cpp: 3.1.5 (/opt/ros/humble/share/rosidl_generator_cpp/cmake)
[6.140s] -- Using all available rosidl_typesupport_c: rosidl_typesupport_fastrtps_c;rosidl_typesupport_introspection_c
[6.189s] -- Using all available rosidl_typesupport_cpp: rosidl_typesupport_fastrtps_cpp;rosidl_typesupport_introspection_cpp
[6.859s] -- Found rmw_implementation_cmake: 6.1.1 (/opt/ros/humble/share/rmw_implementation_cmake/cmake)
[6.900s] -- Found rmw_fastrtps_cpp: 6.2.4 (/opt/ros/humble/share/rmw_fastrtps_cpp/cmake)
[7.837s] -- Found OpenSSL: /usr/lib/x86_64-linux-gnu/libcrypto.so (found version "3.0.2")  
[7.899s] -- Found FastRTPS: /opt/ros/humble/include  
[7.989s] -- Using RMW implementation 'rmw_fastrtps_cpp' as default
[8.058s] -- Looking for pthread.h
[8.415s] -- Looking for pthread.h - found
[8.416s] -- Performing Test CMAKE_HAVE_LIBC_PTHREAD
[8.629s] -- Performing Test CMAKE_HAVE_LIBC_PTHREAD - Success
[8.631s] -- Found Threads: TRUE  
[8.874s] -- Found rclcpp_components: 16.0.6 (/opt/ros/humble/share/rclcpp_components/cmake)
[9.074s] -- Found rviz_ogre_vendor: 11.2.8 (/opt/ros/humble/share/rviz_ogre_vendor/cmake)
[9.076s] -- Setting OGRE_DIR to: '/opt/ros/humble/share/rviz_ogre_vendor/cmake/../../../opt/rviz_ogre_vendor/lib/OGRE/cmake'
[9.259s] -- Found OGRE
[9.259s] --   static     : OFF
[9.259s] --   components : HLMS;MeshLodGenerator;Overlay;Paging;Property;RTShaderSystem;Terrain;Volume
[9.259s] --   plugins    : Plugin_BSPSceneManager;Plugin_OctreeSceneManager;Plugin_PCZSceneManager;Plugin_ParticleFX;RenderSystem_GL;RenderSystem_GL3Plus;Codec_STBI
[9.260s] --   media      : /opt/ros/humble/opt/rviz_ogre_vendor/share/OGRE/Media
[9.260s] -- OGRE_LIBRARIES: OgreHLMS;OgreMeshLodGenerator;OgreOverlay;OgrePaging;OgreProperty;OgreRTShaderSystem;OgreTerrain;OgreVolume;OgreMain
[9.260s] -- OGRE_LIBRARY_DIRS: /opt/ros/humble/opt/rviz_ogre_vendor/lib
[9.260s] -- OGRE_PLUGINS: Plugin_BSPSceneManager;Plugin_OctreeSceneManager;Plugin_PCZSceneManager;Plugin_ParticleFX;RenderSystem_GL;RenderSystem_GL3Plus;Codec_STBI
[9.260s] -- OGRE_PLUGIN_DIR: /opt/ros/humble/opt/rviz_ogre_vendor/lib/OGRE
[9.261s] -- rviz_ogre_vendor::OgreOverlay for IMPORTED_LOCATION_RELEASE: /opt/ros/humble/opt/rviz_ogre_vendor/lib/libOgreOverlay.so
[9.261s] -- rviz_ogre_vendor::OgreOverlay for IMPORTED_LOCATION_DEBUG: /opt/ros/humble/opt/rviz_ogre_vendor/lib/libOgreOverlay.so
[9.261s] -- rviz_ogre_vendor::OgreMain for IMPORTED_LOCATION_RELEASE: /opt/ros/humble/opt/rviz_ogre_vendor/lib/libOgreMain.so
[9.261s] -- rviz_ogre_vendor::OgreMain for IMPORTED_LOCATION_DEBUG: /opt/ros/humble/opt/rviz_ogre_vendor/lib/libOgreMain.so
[9.265s] -- Could not find freeimage library
[9.509s] -- Found ZLIB: /usr/lib/x86_64-linux-gnu/libz.so (found version "1.2.11") 
[9.624s] -- Found OpenGL: /usr/lib/x86_64-linux-gnu/libOpenGL.so   
[10.438s] -- Found X11: /usr/include   
[10.440s] -- Looking for XOpenDisplay in /usr/lib/x86_64-linux-gnu/libX11.so;/usr/lib/x86_64-linux-gnu/libXext.so
[10.719s] -- Looking for XOpenDisplay in /usr/lib/x86_64-linux-gnu/libX11.so;/usr/lib/x86_64-linux-gnu/libXext.so - found
[10.719s] -- Looking for gethostbyname
[10.905s] -- Looking for gethostbyname - found
[10.905s] -- Looking for connect
[11.083s] -- Looking for connect - found
[11.083s] -- Looking for remove
[11.251s] -- Looking for remove - found
[11.252s] -- Looking for shmat
[11.419s] -- Looking for shmat - found
[11.419s] -- Looking for IceConnectionNumber in ICE
[11.579s] -- Looking for IceConnectionNumber in ICE - found
[11.583s] -- rviz_ogre_vendor::RenderSystem_GL for IMPORTED_LOCATION_RELEASE: _render_system_gl_static_library_abs-NOTFOUND
[11.583s] -- rviz_ogre_vendor::RenderSystem_GL for IMPORTED_LOCATION_DEBUG: _render_system_gl_static_library_abs-NOTFOUND
[11.594s] -- Found sensor_msgs: 4.2.3 (/opt/ros/humble/share/sensor_msgs/cmake)
[11.783s] -- Found shape_msgs: 4.2.3 (/opt/ros/humble/share/shape_msgs/cmake)
[11.870s] -- Found visualization_msgs: 4.2.3 (/opt/ros/humble/share/visualization_msgs/cmake)
[12.087s] -- Found trajectory_msgs: 4.2.3 (/opt/ros/humble/share/trajectory_msgs/cmake)
[12.214s] -- Found eigen3_cmake_module: 0.1.1 (/opt/ros/humble/share/eigen3_cmake_module/cmake)
[12.226s] -- Found eigen_stl_containers: 1.0.0 (/opt/ros/humble/share/eigen_stl_containers/cmake)
[12.250s] -- Found Eigen3: TRUE (found version "3.4.0") 
[12.261s] -- Found PkgConfig: /usr/bin/pkg-config (found version "0.29.2") 
[12.428s] -- Found tf2: 0.25.4 (/opt/ros/humble/share/tf2/cmake)
[12.473s] -- Found tf2_eigen: 0.25.4 (/opt/ros/humble/share/tf2_eigen/cmake)
[13.342s] -- Found tf2_geometry_msgs: 0.25.4 (/opt/ros/humble/share/tf2_geometry_msgs/cmake)
[13.390s] -- Ensuring Eigen3 include directory is part of orocos-kdl CMake target
[13.429s] -- Found pluginlib: 5.1.0 (/opt/ros/humble/share/pluginlib/cmake)
[13.587s] -- Found interactive_markers: 2.3.2 (/opt/ros/humble/share/interactive_markers/cmake)
[13.657s] -- Found rviz_common: 11.2.8 (/opt/ros/humble/share/rviz_common/cmake)
[14.581s] -- library: /usr/lib/x86_64-linux-gnu/libcurl.so
[15.048s] -- Found rviz_default_plugins: 11.2.8 (/opt/ros/humble/share/rviz_default_plugins/cmake)
[16.267s] -- Found ament_cmake_gtest: 1.3.5 (/opt/ros/humble/share/ament_cmake_gtest/cmake)
[16.279s] -- Found gtest sources under '/opt/ros/humble/src/gtest_vendor': C++ tests using 'Google Test' will be built
[16.377s] -- Configuring done
[17.000s] -- Generating done
[17.006s] -- Build files have been written to: /home/shahrukh/ws_magna/build/rviz_visual_tools
[17.028s] Invoked command in '/home/shahrukh/ws_magna/build/rviz_visual_tools' returned '0': CMAKE_PREFIX_PATH=${CMAKE_PREFIX_PATH}:/home/shahrukh/ws_moveit2/install/moveit_configs_utils:/home/shahrukh/ws_moveit2/install/launch_param_builder:/opt/ros/humble /usr/bin/cmake /home/shahrukh/ws_magna/src/rviz_visual_tools -DCMAKE_BUILD_TYPE=Release -DCMAKE_INSTALL_PREFIX=/home/shahrukh/ws_magna/install/rviz_visual_tools
[17.032s] Invoking command in '/home/shahrukh/ws_magna/build/rviz_visual_tools': CMAKE_PREFIX_PATH=${CMAKE_PREFIX_PATH}:/home/shahrukh/ws_moveit2/install/moveit_configs_utils:/home/shahrukh/ws_moveit2/install/launch_param_builder:/opt/ros/humble /usr/bin/cmake --build /home/shahrukh/ws_magna/build/rviz_visual_tools -- -j8 -l8
[17.180s] [  2%] [34m[1mAutomatic MOC for target gtest_main[0m
[17.185s] [  5%] [34m[1mAutomatic MOC for target rviz_visual_tools_remote_control[0m
[17.185s] [  7%] [34m[1mAutomatic MOC for target rviz_visual_tools_gui[0m
[17.205s] [ 10%] [34m[1mAutomatic MOC for target gtest[0m
[17.249s] [ 10%] Built target rviz_visual_tools_remote_control_autogen
[17.284s] [ 10%] Built target gtest_main_autogen
[17.284s] [ 10%] Built target gtest_autogen
[17.307s] [ 15%] [32mBuilding CXX object CMakeFiles/rviz_visual_tools_remote_control.dir/rviz_visual_tools_remote_control_autogen/mocs_compilation.cpp.o[0m
[17.307s] [ 15%] [32mBuilding CXX object CMakeFiles/rviz_visual_tools_remote_control.dir/src/remote_control.cpp.o[0m
[17.341s] [ 17%] [32mBuilding CXX object gtest/CMakeFiles/gtest_main.dir/gtest_main_autogen/mocs_compilation.cpp.o[0m
[17.342s] [ 20%] [32mBuilding CXX object gtest/CMakeFiles/gtest_main.dir/src/gtest_main.cc.o[0m
[17.348s] [ 23%] [32mBuilding CXX object gtest/CMakeFiles/gtest.dir/gtest_autogen/mocs_compilation.cpp.o[0m
[17.350s] [ 25%] [32mBuilding CXX object gtest/CMakeFiles/gtest.dir/src/gtest-all.cc.o[0m
[18.636s] [ 28%] [32m[1mLinking CXX static library libgtest_main.a[0m
[18.807s] [ 28%] Built target gtest_main
[20.014s] [ 28%] Built target rviz_visual_tools_gui_autogen
[20.073s] [ 30%] [32mBuilding CXX object CMakeFiles/rviz_visual_tools_gui.dir/src/rviz_visual_tools_gui.cpp.o[0m
[20.078s] [ 33%] [32mBuilding CXX object CMakeFiles/rviz_visual_tools_gui.dir/rviz_visual_tools_gui_autogen/mocs_compilation.cpp.o[0m
[20.079s] [ 35%] [32mBuilding CXX object CMakeFiles/rviz_visual_tools_gui.dir/src/remote_control.cpp.o[0m
[20.081s] [ 38%] [32mBuilding CXX object CMakeFiles/rviz_visual_tools_gui.dir/src/key_tool.cpp.o[0m
[31.329s] [ 41%] [32m[1mLinking CXX static library libgtest.a[0m
[31.431s] [ 41%] Built target gtest
[34.980s] [ 43%] [32m[1mLinking CXX shared library librviz_visual_tools_remote_control.so[0m
[35.980s] [ 43%] Built target rviz_visual_tools_remote_control
[36.071s] [ 46%] [34m[1mAutomatic MOC for target rviz_visual_tools[0m
[36.124s] [ 46%] Built target rviz_visual_tools_autogen
[36.201s] [ 48%] [32mBuilding CXX object CMakeFiles/rviz_visual_tools.dir/rviz_visual_tools_autogen/mocs_compilation.cpp.o[0m
[36.207s] [ 51%] [32mBuilding CXX object CMakeFiles/rviz_visual_tools.dir/src/tf_visual_tools.cpp.o[0m
[36.221s] [ 53%] [32mBuilding CXX object CMakeFiles/rviz_visual_tools.dir/src/rviz_visual_tools.cpp.o[0m
[36.398s] [ 56%] [32m[1mLinking CXX shared library librviz_visual_tools_gui.so[0m
[43.073s] [ 56%] Built target rviz_visual_tools_gui
[56.923s] [ 58%] [32m[1mLinking CXX shared library librviz_visual_tools.so[0m
[57.238s] [ 58%] Built target rviz_visual_tools
[57.301s] [ 61%] [34m[1mAutomatic MOC for target rviz_visual_tools_demo[0m
[57.301s] [ 64%] [34m[1mAutomatic MOC for target rviz_visual_tools_imarker_simple[0m
[57.337s] [ 66%] [34m[1mAutomatic MOC for target rviz_visual_tools_rvt_test[0m
[57.342s] [ 66%] Built target rviz_visual_tools_imarker_simple_autogen
[57.346s] [ 66%] Built target rviz_visual_tools_demo_autogen
[57.388s] [ 66%] Built target rviz_visual_tools_rvt_test_autogen
[57.398s] [ 71%] [32mBuilding CXX object CMakeFiles/rviz_visual_tools_imarker_simple.dir/src/imarker_simple.cpp.o[0m
[57.398s] [ 71%] [32mBuilding CXX object CMakeFiles/rviz_visual_tools_imarker_simple.dir/rviz_visual_tools_imarker_simple_autogen/mocs_compilation.cpp.o[0m
[57.400s] [ 74%] [32mBuilding CXX object CMakeFiles/rviz_visual_tools_demo.dir/rviz_visual_tools_demo_autogen/mocs_compilation.cpp.o[0m
[57.401s] [ 76%] [32mBuilding CXX object CMakeFiles/rviz_visual_tools_demo.dir/src/rviz_visual_tools_demo.cpp.o[0m
[57.444s] [ 79%] [32mBuilding CXX object CMakeFiles/rviz_visual_tools_rvt_test.dir/rviz_visual_tools_rvt_test_autogen/mocs_compilation.cpp.o[0m
[57.444s] [ 82%] [32mBuilding CXX object CMakeFiles/rviz_visual_tools_rvt_test.dir/tests/rvt_test.cpp.o[0m
[63.717s] [ 84%] [32m[1mLinking CXX shared library librviz_visual_tools_imarker_simple.so[0m
[63.946s] [ 84%] Built target rviz_visual_tools_imarker_simple
[64.019s] [ 87%] [34m[1mAutomatic MOC for target rviz_visual_tools_imarker_simple_demo[0m
[64.087s] [ 87%] Built target rviz_visual_tools_imarker_simple_demo_autogen
[64.147s] [ 89%] [32mBuilding CXX object CMakeFiles/rviz_visual_tools_imarker_simple_demo.dir/src/imarker_simple_demo.cpp.o[0m
[64.168s] [ 92%] [32mBuilding CXX object CMakeFiles/rviz_visual_tools_imarker_simple_demo.dir/rviz_visual_tools_imarker_simple_demo_autogen/mocs_compilation.cpp.o[0m
[64.967s] [ 94%] [32m[1mLinking CXX executable rviz_visual_tools_demo[0m
[65.306s] [ 94%] Built target rviz_visual_tools_demo
[66.574s] [ 97%] [32m[1mLinking CXX executable rviz_visual_tools_rvt_test[0m
[66.894s] [ 97%] Built target rviz_visual_tools_rvt_test
[69.750s] [100%] [32m[1mLinking CXX executable rviz_visual_tools_imarker_simple_demo[0m
[70.045s] [100%] Built target rviz_visual_tools_imarker_simple_demo
