[0.185s] Invoking command in '/home/shahrukh/ws_magna/build/moveit2_tutorials': CMAKE_PREFIX_PATH=${CMAKE_PREFIX_PATH}:/home/shahrukh/ws_moveit2/install/moveit_configs_utils:/home/shahrukh/ws_moveit2/install/launch_param_builder:/opt/ros/humble /usr/bin/cmake /home/shahrukh/ws_magna/src/moveit2_tutorials -DCMAKE_BUILD_TYPE=Debug -DCMAKE_INSTALL_PREFIX=/home/shahrukh/ws_magna/install/moveit2_tutorials
[1.896s] -- The C compiler identification is GNU 11.4.0
[2.082s] -- The CXX compiler identification is GNU 11.4.0
[2.104s] -- Detecting C compiler ABI info
[2.459s] -- Detecting C compiler ABI info - done
[2.484s] -- Check for working C compiler: /usr/bin/cc - skipped
[2.492s] -- Detecting C compile features
[2.511s] -- Detecting C compile features - done
[2.524s] -- Detecting CXX compiler ABI info
[2.831s] -- Detecting CXX compiler ABI info - done
[2.844s] -- Check for working CXX compiler: /usr/bin/c++ - skipped
[2.845s] -- Detecting CXX compile features
[2.845s] -- Detecting CXX compile features - done
[2.909s] -- Found moveit_common: 2.5.5 (/home/shahrukh/ws_moveit2/install/moveit_common/share/moveit_common/cmake)
[2.946s] -- Found ament_cmake: 1.3.5 (/opt/ros/humble/share/ament_cmake/cmake)
[3.650s] -- Found Python3: /usr/bin/python3.10 (found version "3.10.12") found components: Interpreter 
[5.032s] -- Found libdw: /usr/lib/x86_64-linux-gnu/libdw.so  
[5.103s] -- Could NOT find libbfd (missing: LIBBFD_LIBRARY LIBBFD_INCLUDE_DIR) 
[5.104s] -- BACKWARD_HAS_UNWIND=1
[5.105s] -- BACKWARD_HAS_BACKTRACE=0
[5.106s] -- BACKWARD_HAS_BACKTRACE_SYMBOL=0
[5.106s] -- BACKWARD_HAS_DW=1
[5.107s] -- BACKWARD_HAS_BFD=0
[5.107s] -- Found Backward: /opt/ros/humble/share/backward_ros/cmake  
[6.310s] -- Found Boost: /usr/lib/x86_64-linux-gnu/cmake/Boost-1.74.0/BoostConfig.cmake (found version "1.74.0") found components: system filesystem date_time thread 
[6.359s] -- Found control_msgs: 4.4.0 (/opt/ros/humble/share/control_msgs/cmake)
[6.680s] -- Found rosidl_generator_c: 3.1.5 (/opt/ros/humble/share/rosidl_generator_c/cmake)
[6.761s] -- Found rosidl_adapter: 3.1.5 (/opt/ros/humble/share/rosidl_adapter/cmake)
[6.800s] -- Found rosidl_generator_cpp: 3.1.5 (/opt/ros/humble/share/rosidl_generator_cpp/cmake)
[6.965s] -- Using all available rosidl_typesupport_c: rosidl_typesupport_fastrtps_c;rosidl_typesupport_introspection_c
[7.175s] -- Using all available rosidl_typesupport_cpp: rosidl_typesupport_fastrtps_cpp;rosidl_typesupport_introspection_cpp
[8.120s] -- Found moveit_core: 2.5.5 (/home/shahrukh/ws_moveit2/install/moveit_core/share/moveit_core/cmake)
[8.236s] -- Found Boost: /usr/lib/x86_64-linux-gnu/cmake/Boost-1.74.0/BoostConfig.cmake (found version "1.74.0") found components: chrono date_time filesystem iostreams program_options regex serialization system thread 
[8.698s] -- Found parameter_traits: 0.3.6 (/opt/ros/humble/share/parameter_traits/cmake)
[9.062s] -- Found rmw_implementation_cmake: 6.1.1 (/opt/ros/humble/share/rmw_implementation_cmake/cmake)
[9.079s] -- Found rmw_fastrtps_cpp: 6.2.4 (/opt/ros/humble/share/rmw_fastrtps_cpp/cmake)
[10.064s] -- Found OpenSSL: /usr/lib/x86_64-linux-gnu/libcrypto.so (found version "3.0.2")  
[10.210s] -- Found FastRTPS: /opt/ros/humble/include  
[10.308s] -- Using RMW implementation 'rmw_fastrtps_cpp' as default
[10.353s] -- Found Threads: TRUE  
[10.714s] -- Found rclcpp_lifecycle: 16.0.6 (/opt/ros/humble/share/rclcpp_lifecycle/cmake)
[10.872s] -- Found Boost: /usr/lib/x86_64-linux-gnu/cmake/Boost-1.74.0/BoostConfig.cmake (found version "1.74.0") found components: filesystem 
[11.366s] -- library: /usr/lib/x86_64-linux-gnu/libcurl.so
[11.806s] -- Found Eigen3: TRUE (found version "3.4.0") 
[11.807s] -- Ensuring Eigen3 include directory is part of orocos-kdl CMake target
[13.663s] -- Found moveit_task_constructor_core: 0.1.3 (/home/shahrukh/ws_moveit2/install/moveit_task_constructor_core/share/moveit_task_constructor_core/cmake)
[13.780s] -- Found Boost: /usr/lib/x86_64-linux-gnu/cmake/Boost-1.74.0/BoostConfig.cmake (found version "1.74.0") found components: system filesystem date_time program_options thread chrono 
[14.438s] -- Found Boost: /usr/lib/x86_64-linux-gnu/cmake/Boost-1.74.0/BoostConfig.cmake (found version "1.74.0") found components: date_time filesystem program_options system thread 
[14.977s] -- Found Boost: /usr/lib/x86_64-linux-gnu/cmake/Boost-1.74.0/BoostConfig.cmake (found version "1.74.0") found components: thread system filesystem regex date_time program_options 
[15.383s] -- Found Boost: /usr/lib/x86_64-linux-gnu/cmake/Boost-1.74.0/BoostConfig.cmake (found version "1.74.0") found components: system filesystem date_time program_options thread 
[16.594s] -- Found moveit_ros_perception: 2.5.5 (/home/shahrukh/ws_moveit2/install/moveit_ros_perception/share/moveit_ros_perception/cmake)
[16.600s] -- Found Boost: /usr/lib/x86_64-linux-gnu/cmake/Boost-1.74.0/BoostConfig.cmake (found version "1.74.0") found components: thread 
[17.067s] -- Found moveit_servo: 2.5.5 (/home/shahrukh/ws_moveit2/install/moveit_servo/share/moveit_servo/cmake)
[17.824s] -- Found interactive_markers: 2.3.2 (/opt/ros/humble/share/interactive_markers/cmake)
[17.856s] -- Found rviz_visual_tools: 4.1.4 (/opt/ros/humble/share/rviz_visual_tools/cmake)
[18.403s] -- Setting OGRE_DIR to: '/opt/ros/humble/share/rviz_ogre_vendor/cmake/../../../opt/rviz_ogre_vendor/lib/OGRE/cmake'
[18.420s] -- Found OGRE
[18.421s] --   static     : OFF
[18.421s] --   components : HLMS;MeshLodGenerator;Overlay;Paging;Property;RTShaderSystem;Terrain;Volume
[18.421s] --   plugins    : Plugin_BSPSceneManager;Plugin_OctreeSceneManager;Plugin_PCZSceneManager;Plugin_ParticleFX;RenderSystem_GL;RenderSystem_GL3Plus;Codec_STBI
[18.421s] --   media      : /opt/ros/humble/opt/rviz_ogre_vendor/share/OGRE/Media
[18.422s] -- OGRE_LIBRARIES: OgreHLMS;OgreMeshLodGenerator;OgreOverlay;OgrePaging;OgreProperty;OgreRTShaderSystem;OgreTerrain;OgreVolume;OgreMain
[18.422s] -- OGRE_LIBRARY_DIRS: /opt/ros/humble/opt/rviz_ogre_vendor/lib
[18.422s] -- OGRE_PLUGINS: Plugin_BSPSceneManager;Plugin_OctreeSceneManager;Plugin_PCZSceneManager;Plugin_ParticleFX;RenderSystem_GL;RenderSystem_GL3Plus;Codec_STBI
[18.422s] -- OGRE_PLUGIN_DIR: /opt/ros/humble/opt/rviz_ogre_vendor/lib/OGRE
[18.423s] -- rviz_ogre_vendor::OgreOverlay for IMPORTED_LOCATION_RELEASE: /opt/ros/humble/opt/rviz_ogre_vendor/lib/libOgreOverlay.so
[18.423s] -- rviz_ogre_vendor::OgreOverlay for IMPORTED_LOCATION_DEBUG: /opt/ros/humble/opt/rviz_ogre_vendor/lib/libOgreOverlay.so
[18.423s] -- rviz_ogre_vendor::OgreMain for IMPORTED_LOCATION_RELEASE: /opt/ros/humble/opt/rviz_ogre_vendor/lib/libOgreMain.so
[18.423s] -- rviz_ogre_vendor::OgreMain for IMPORTED_LOCATION_DEBUG: /opt/ros/humble/opt/rviz_ogre_vendor/lib/libOgreMain.so
[18.426s] -- Could not find freeimage library
[18.610s] -- Found ZLIB: /usr/lib/x86_64-linux-gnu/libz.so (found version "1.2.11") 
[18.659s] -- Found OpenGL: /usr/lib/x86_64-linux-gnu/libOpenGL.so   
[19.293s] -- Found X11: /usr/include   
[19.306s] -- Looking for XOpenDisplay in /usr/lib/x86_64-linux-gnu/libX11.so;/usr/lib/x86_64-linux-gnu/libXext.so
[19.630s] -- Looking for XOpenDisplay in /usr/lib/x86_64-linux-gnu/libX11.so;/usr/lib/x86_64-linux-gnu/libXext.so - found
[19.631s] -- Looking for gethostbyname
[19.858s] -- Looking for gethostbyname - found
[19.858s] -- Looking for connect
[20.158s] -- Looking for connect - found
[20.158s] -- Looking for remove
[20.444s] -- Looking for remove - found
[20.444s] -- Looking for shmat
[20.743s] -- Looking for shmat - found
[20.743s] -- Looking for IceConnectionNumber in ICE
[20.995s] -- Looking for IceConnectionNumber in ICE - found
[20.999s] -- rviz_ogre_vendor::RenderSystem_GL for IMPORTED_LOCATION_RELEASE: _render_system_gl_static_library_abs-NOTFOUND
[20.999s] -- rviz_ogre_vendor::RenderSystem_GL for IMPORTED_LOCATION_DEBUG: _render_system_gl_static_library_abs-NOTFOUND
[21.951s] -- Found moveit_visual_tools: 4.1.0 (/home/shahrukh/ws_moveit2/install/moveit_visual_tools/share/moveit_visual_tools/cmake)
[24.402s] -- Configuring done
[25.288s] -- Generating done
[25.294s] -- Build files have been written to: /home/shahrukh/ws_magna/build/moveit2_tutorials
