[5.379s] DEBUG:colcon:Command line arguments: ['/usr/bin/colcon', 'build', '--mixin', 'debug']
[5.379s] DEBUG:colcon:Parsed command line arguments: Namespace(log_base=None, log_level=None, verb_name='build', build_base='build', install_base='install', merge_install=False, symlink_install=False, test_result_base=None, continue_on_error=False, executor='parallel', parallel_workers=8, event_handlers=None, ignore_user_meta=False, metas=['./colcon.meta'], base_paths=['.'], packages_ignore=None, packages_ignore_regex=None, paths=None, packages_up_to=None, packages_up_to_regex=None, packages_above=None, packages_above_and_dependencies=None, packages_above_depth=None, packages_select_by_dep=None, packages_skip_by_dep=None, packages_skip_up_to=None, packages_select_build_failed=False, packages_skip_build_finished=False, packages_select_test_failures=False, packages_skip_test_passed=False, packages_select=None, packages_skip=None, packages_select_regex=None, packages_skip_regex=None, packages_start=None, packages_end=None, allow_overriding=[], cmake_args=['-DCMAKE_BUILD_TYPE=Debug'], cmake_target=None, cmake_target_skip_unavailable=False, cmake_clean_cache=False, cmake_clean_first=False, cmake_force_configure=False, ament_cmake_args=None, catkin_cmake_args=None, catkin_skip_building_tests=False, mixin_files=None, mixin=['debug'], verb_parser=<colcon_mixin.mixin.mixin_argument.MixinArgumentDecorator object at 0x7fb375407640>, verb_extension=<colcon_core.verb.build.BuildVerb object at 0x7fb375405030>, main=<bound method BuildVerb.main of <colcon_core.verb.build.BuildVerb object at 0x7fb375405030>>, mixin_verb=('build',))
[5.905s] Level 1:colcon.colcon_core.package_discovery:discover_packages(colcon_meta) check parameters
[5.906s] Level 1:colcon.colcon_core.package_discovery:discover_packages(recursive) check parameters
[5.906s] Level 1:colcon.colcon_core.package_discovery:discover_packages(ignore) check parameters
[5.906s] Level 1:colcon.colcon_core.package_discovery:discover_packages(path) check parameters
[5.906s] Level 1:colcon.colcon_core.package_discovery:discover_packages(colcon_meta) discover
[5.906s] Level 1:colcon.colcon_core.package_discovery:discover_packages(recursive) discover
[5.906s] INFO:colcon.colcon_core.package_discovery:Crawling recursively for packages in '/home/shahrukh/ws_magna'
[5.906s] Level 1:colcon.colcon_core.package_identification:_identify(.) by extensions ['ignore', 'ignore_ament_install']
[5.906s] Level 1:colcon.colcon_core.package_identification:_identify(.) by extension 'ignore'
[5.906s] Level 1:colcon.colcon_core.package_identification:_identify(.) by extension 'ignore_ament_install'
[5.906s] Level 1:colcon.colcon_core.package_identification:_identify(.) by extensions ['colcon_pkg']
[5.906s] Level 1:colcon.colcon_core.package_identification:_identify(.) by extension 'colcon_pkg'
[5.906s] Level 1:colcon.colcon_core.package_identification:_identify(.) by extensions ['colcon_meta']
[5.906s] Level 1:colcon.colcon_core.package_identification:_identify(.) by extension 'colcon_meta'
[5.906s] Level 1:colcon.colcon_core.package_identification:_identify(.) by extensions ['ros']
[5.906s] Level 1:colcon.colcon_core.package_identification:_identify(.) by extension 'ros'
[5.985s] Level 1:colcon.colcon_core.package_identification:_identify(.) by extensions ['cmake', 'python']
[5.985s] Level 1:colcon.colcon_core.package_identification:_identify(.) by extension 'cmake'
[5.985s] Level 1:colcon.colcon_core.package_identification:_identify(.) by extension 'python'
[5.985s] Level 1:colcon.colcon_core.package_identification:_identify(.) by extensions ['python_setup_py']
[5.985s] Level 1:colcon.colcon_core.package_identification:_identify(.) by extension 'python_setup_py'
[5.986s] Level 1:colcon.colcon_core.package_identification:_identify(build) by extensions ['ignore', 'ignore_ament_install']
[5.986s] Level 1:colcon.colcon_core.package_identification:_identify(build) by extension 'ignore'
[5.986s] Level 1:colcon.colcon_core.package_identification:_identify(build) ignored
[5.986s] Level 1:colcon.colcon_core.package_identification:_identify(install) by extensions ['ignore', 'ignore_ament_install']
[5.987s] Level 1:colcon.colcon_core.package_identification:_identify(install) by extension 'ignore'
[5.987s] Level 1:colcon.colcon_core.package_identification:_identify(install) ignored
[5.987s] Level 1:colcon.colcon_core.package_identification:_identify(log) by extensions ['ignore', 'ignore_ament_install']
[5.987s] Level 1:colcon.colcon_core.package_identification:_identify(log) by extension 'ignore'
[5.988s] Level 1:colcon.colcon_core.package_identification:_identify(log) ignored
[5.988s] Level 1:colcon.colcon_core.package_identification:_identify(src) by extensions ['ignore', 'ignore_ament_install']
[5.988s] Level 1:colcon.colcon_core.package_identification:_identify(src) by extension 'ignore'
[5.988s] Level 1:colcon.colcon_core.package_identification:_identify(src) by extension 'ignore_ament_install'
[5.989s] Level 1:colcon.colcon_core.package_identification:_identify(src) by extensions ['colcon_pkg']
[5.989s] Level 1:colcon.colcon_core.package_identification:_identify(src) by extension 'colcon_pkg'
[5.989s] Level 1:colcon.colcon_core.package_identification:_identify(src) by extensions ['colcon_meta']
[5.989s] Level 1:colcon.colcon_core.package_identification:_identify(src) by extension 'colcon_meta'
[5.989s] Level 1:colcon.colcon_core.package_identification:_identify(src) by extensions ['ros']
[5.989s] Level 1:colcon.colcon_core.package_identification:_identify(src) by extension 'ros'
[5.989s] Level 1:colcon.colcon_core.package_identification:_identify(src) by extensions ['cmake', 'python']
[5.990s] Level 1:colcon.colcon_core.package_identification:_identify(src) by extension 'cmake'
[5.990s] Level 1:colcon.colcon_core.package_identification:_identify(src) by extension 'python'
[5.990s] Level 1:colcon.colcon_core.package_identification:_identify(src) by extensions ['python_setup_py']
[5.990s] Level 1:colcon.colcon_core.package_identification:_identify(src) by extension 'python_setup_py'
[5.990s] Level 1:colcon.colcon_core.package_identification:_identify(src/magna_moveit) by extensions ['ignore', 'ignore_ament_install']
[5.991s] Level 1:colcon.colcon_core.package_identification:_identify(src/magna_moveit) by extension 'ignore'
[5.991s] Level 1:colcon.colcon_core.package_identification:_identify(src/magna_moveit) by extension 'ignore_ament_install'
[5.991s] Level 1:colcon.colcon_core.package_identification:_identify(src/magna_moveit) by extensions ['colcon_pkg']
[5.991s] Level 1:colcon.colcon_core.package_identification:_identify(src/magna_moveit) by extension 'colcon_pkg'
[5.991s] Level 1:colcon.colcon_core.package_identification:_identify(src/magna_moveit) by extensions ['colcon_meta']
[5.991s] Level 1:colcon.colcon_core.package_identification:_identify(src/magna_moveit) by extension 'colcon_meta'
[5.992s] Level 1:colcon.colcon_core.package_identification:_identify(src/magna_moveit) by extensions ['ros']
[5.992s] Level 1:colcon.colcon_core.package_identification:_identify(src/magna_moveit) by extension 'ros'
[6.029s] DEBUG:colcon.colcon_core.package_identification:Package 'src/magna_moveit' with type 'ros.ament_cmake' and name 'magna_moveit'
[6.029s] Level 1:colcon.colcon_core.package_identification:_identify(src/moveit_visual_tools) by extensions ['ignore', 'ignore_ament_install']
[6.030s] Level 1:colcon.colcon_core.package_identification:_identify(src/moveit_visual_tools) by extension 'ignore'
[6.030s] Level 1:colcon.colcon_core.package_identification:_identify(src/moveit_visual_tools) by extension 'ignore_ament_install'
[6.030s] Level 1:colcon.colcon_core.package_identification:_identify(src/moveit_visual_tools) by extensions ['colcon_pkg']
[6.030s] Level 1:colcon.colcon_core.package_identification:_identify(src/moveit_visual_tools) by extension 'colcon_pkg'
[6.030s] Level 1:colcon.colcon_core.package_identification:_identify(src/moveit_visual_tools) by extensions ['colcon_meta']
[6.030s] Level 1:colcon.colcon_core.package_identification:_identify(src/moveit_visual_tools) by extension 'colcon_meta'
[6.030s] Level 1:colcon.colcon_core.package_identification:_identify(src/moveit_visual_tools) by extensions ['ros']
[6.030s] Level 1:colcon.colcon_core.package_identification:_identify(src/moveit_visual_tools) by extension 'ros'
[6.032s] DEBUG:colcon.colcon_core.package_identification:Package 'src/moveit_visual_tools' with type 'ros.ament_cmake' and name 'moveit_visual_tools'
[6.032s] Level 1:colcon.colcon_core.package_discovery:discover_packages(recursive) using defaults
[6.032s] Level 1:colcon.colcon_core.package_discovery:discover_packages(ignore) discover
[6.032s] Level 1:colcon.colcon_core.package_discovery:discover_packages(ignore) using defaults
[6.032s] Level 1:colcon.colcon_core.package_discovery:discover_packages(path) discover
[6.032s] Level 1:colcon.colcon_core.package_discovery:discover_packages(path) using defaults
[6.322s] Level 1:colcon.colcon_core.package_discovery:discover_packages(prefix_path) check parameters
[6.322s] Level 1:colcon.colcon_core.package_discovery:discover_packages(prefix_path) discover
[6.987s] DEBUG:colcon.colcon_installed_package_information.package_discovery:Found 56 installed packages in /home/shahrukh/ws_moveit2/install
[7.035s] DEBUG:colcon.colcon_installed_package_information.package_discovery:Found 325 installed packages in /opt/ros/humble
[7.037s] Level 1:colcon.colcon_core.package_discovery:discover_packages(prefix_path) using defaults
[9.908s] WARNING:colcon.colcon_core.package_selection:Some selected packages are already built in one or more underlay workspaces:
	'moveit_visual_tools' is in: /home/shahrukh/ws_moveit2/install/moveit_visual_tools
If a package in a merged underlay workspace is overridden and it installs headers, then all packages in the overlay must sort their include directories by workspace order. Failure to do so may result in build failures or undefined behavior at run time.
If the overridden package is used by another package in any underlay, then the overriding package in the overlay must be API and ABI compatible or undefined behavior at run time may occur.

If you understand the risks and want to override a package anyways, add the following to the command line:
	--allow-overriding moveit_visual_tools

This may be promoted to an error in a future release of colcon-override-check.
[9.926s] Level 5:colcon.colcon_core.verb:set package 'magna_moveit' build argument 'cmake_args' from command line to '['-DCMAKE_BUILD_TYPE=Debug']'
[9.926s] Level 5:colcon.colcon_core.verb:set package 'magna_moveit' build argument 'cmake_target' from command line to 'None'
[9.926s] Level 5:colcon.colcon_core.verb:set package 'magna_moveit' build argument 'cmake_target_skip_unavailable' from command line to 'False'
[9.926s] Level 5:colcon.colcon_core.verb:set package 'magna_moveit' build argument 'cmake_clean_cache' from command line to 'False'
[9.926s] Level 5:colcon.colcon_core.verb:set package 'magna_moveit' build argument 'cmake_clean_first' from command line to 'False'
[9.926s] Level 5:colcon.colcon_core.verb:set package 'magna_moveit' build argument 'cmake_force_configure' from command line to 'False'
[9.926s] Level 5:colcon.colcon_core.verb:set package 'magna_moveit' build argument 'ament_cmake_args' from command line to 'None'
[9.926s] Level 5:colcon.colcon_core.verb:set package 'magna_moveit' build argument 'catkin_cmake_args' from command line to 'None'
[9.926s] Level 5:colcon.colcon_core.verb:set package 'magna_moveit' build argument 'catkin_skip_building_tests' from command line to 'False'
[9.927s] DEBUG:colcon.colcon_core.verb:Building package 'magna_moveit' with the following arguments: {'ament_cmake_args': None, 'build_base': '/home/shahrukh/ws_magna/build/magna_moveit', 'catkin_cmake_args': None, 'catkin_skip_building_tests': False, 'cmake_args': ['-DCMAKE_BUILD_TYPE=Debug'], 'cmake_clean_cache': False, 'cmake_clean_first': False, 'cmake_force_configure': False, 'cmake_target': None, 'cmake_target_skip_unavailable': False, 'install_base': '/home/shahrukh/ws_magna/install/magna_moveit', 'merge_install': False, 'path': '/home/shahrukh/ws_magna/src/magna_moveit', 'symlink_install': False, 'test_result_base': None}
[9.945s] Level 5:colcon.colcon_core.verb:set package 'moveit_visual_tools' build argument 'cmake_args' from command line to '['-DCMAKE_BUILD_TYPE=Debug']'
[9.945s] Level 5:colcon.colcon_core.verb:set package 'moveit_visual_tools' build argument 'cmake_target' from command line to 'None'
[9.945s] Level 5:colcon.colcon_core.verb:set package 'moveit_visual_tools' build argument 'cmake_target_skip_unavailable' from command line to 'False'
[9.945s] Level 5:colcon.colcon_core.verb:set package 'moveit_visual_tools' build argument 'cmake_clean_cache' from command line to 'False'
[9.945s] Level 5:colcon.colcon_core.verb:set package 'moveit_visual_tools' build argument 'cmake_clean_first' from command line to 'False'
[9.945s] Level 5:colcon.colcon_core.verb:set package 'moveit_visual_tools' build argument 'cmake_force_configure' from command line to 'False'
[9.945s] Level 5:colcon.colcon_core.verb:set package 'moveit_visual_tools' build argument 'ament_cmake_args' from command line to 'None'
[9.945s] Level 5:colcon.colcon_core.verb:set package 'moveit_visual_tools' build argument 'catkin_cmake_args' from command line to 'None'
[9.945s] Level 5:colcon.colcon_core.verb:set package 'moveit_visual_tools' build argument 'catkin_skip_building_tests' from command line to 'False'
[9.945s] DEBUG:colcon.colcon_core.verb:Building package 'moveit_visual_tools' with the following arguments: {'ament_cmake_args': None, 'build_base': '/home/shahrukh/ws_magna/build/moveit_visual_tools', 'catkin_cmake_args': None, 'catkin_skip_building_tests': False, 'cmake_args': ['-DCMAKE_BUILD_TYPE=Debug'], 'cmake_clean_cache': False, 'cmake_clean_first': False, 'cmake_force_configure': False, 'cmake_target': None, 'cmake_target_skip_unavailable': False, 'install_base': '/home/shahrukh/ws_magna/install/moveit_visual_tools', 'merge_install': False, 'path': '/home/shahrukh/ws_magna/src/moveit_visual_tools', 'symlink_install': False, 'test_result_base': None}
[9.963s] INFO:colcon.colcon_core.executor:Executing jobs using 'parallel' executor
[9.981s] DEBUG:colcon.colcon_parallel_executor.executor.parallel:run_until_complete
[9.981s] INFO:colcon.colcon_ros.task.ament_cmake.build:Building ROS package in '/home/shahrukh/ws_magna/src/magna_moveit' with build type 'ament_cmake'
[9.982s] INFO:colcon.colcon_cmake.task.cmake.build:Building CMake package in '/home/shahrukh/ws_magna/src/magna_moveit'
[10.018s] INFO:colcon.colcon_core.plugin_system:Skipping extension 'colcon_core.shell.bat': Not used on non-Windows systems
[10.019s] INFO:colcon.colcon_core.shell:Skip shell extension 'powershell' for command environment: Not usable outside of PowerShell
[10.019s] DEBUG:colcon.colcon_core.shell:Skip shell extension 'dsv' for command environment
[10.107s] INFO:colcon.colcon_ros.task.ament_cmake.build:Building ROS package in '/home/shahrukh/ws_magna/src/moveit_visual_tools' with build type 'ament_cmake'
[10.107s] INFO:colcon.colcon_cmake.task.cmake.build:Building CMake package in '/home/shahrukh/ws_magna/src/moveit_visual_tools'
[10.129s] INFO:colcon.colcon_core.shell:Skip shell extension 'powershell' for command environment: Not usable outside of PowerShell
[10.129s] DEBUG:colcon.colcon_core.shell:Skip shell extension 'dsv' for command environment
[10.258s] DEBUG:colcon.colcon_core.event_handler.log_command:Invoking command in '/home/shahrukh/ws_magna/build/magna_moveit': CMAKE_PREFIX_PATH=${CMAKE_PREFIX_PATH}:/home/shahrukh/ws_moveit2/install/moveit_configs_utils:/home/shahrukh/ws_moveit2/install/launch_param_builder:/opt/ros/humble /usr/bin/cmake --build /home/shahrukh/ws_magna/build/magna_moveit -- -j8 -l8
[10.291s] DEBUG:colcon.colcon_core.event_handler.log_command:Invoking command in '/home/shahrukh/ws_magna/build/moveit_visual_tools': CMAKE_PREFIX_PATH=${CMAKE_PREFIX_PATH}:/home/shahrukh/ws_moveit2/install/moveit_configs_utils:/home/shahrukh/ws_moveit2/install/launch_param_builder:/opt/ros/humble /usr/bin/cmake --build /home/shahrukh/ws_magna/build/moveit_visual_tools -- -j8 -l8
[16.370s] DEBUG:colcon.colcon_core.event_handler.log_command:Invoked command in '/home/shahrukh/ws_magna/build/magna_moveit' returned '2': CMAKE_PREFIX_PATH=${CMAKE_PREFIX_PATH}:/home/shahrukh/ws_moveit2/install/moveit_configs_utils:/home/shahrukh/ws_moveit2/install/launch_param_builder:/opt/ros/humble /usr/bin/cmake --build /home/shahrukh/ws_magna/build/magna_moveit -- -j8 -l8
[16.568s] Level 1:colcon.colcon_core.environment:create_environment_scripts_only(magna_moveit)
[16.638s] Level 1:colcon.colcon_core.environment:checking '/home/shahrukh/ws_magna/install/magna_moveit' for CMake module files
[16.638s] Level 1:colcon.colcon_core.environment:checking '/home/shahrukh/ws_magna/install/magna_moveit' for CMake config files
[16.639s] Level 1:colcon.colcon_core.environment:checking '/home/shahrukh/ws_magna/install/magna_moveit/bin'
[16.639s] Level 1:colcon.colcon_core.environment:checking '/home/shahrukh/ws_magna/install/magna_moveit/lib/pkgconfig/magna_moveit.pc'
[16.640s] Level 1:colcon.colcon_core.environment:checking '/home/shahrukh/ws_magna/install/magna_moveit/lib/python3.10/site-packages'
[16.640s] Level 1:colcon.colcon_core.environment:checking '/home/shahrukh/ws_magna/install/magna_moveit/bin'
[16.664s] INFO:colcon.colcon_core.shell:Creating package script '/home/shahrukh/ws_magna/install/magna_moveit/share/magna_moveit/package.ps1'
[16.692s] INFO:colcon.colcon_core.shell:Creating package descriptor '/home/shahrukh/ws_magna/install/magna_moveit/share/magna_moveit/package.dsv'
[16.720s] INFO:colcon.colcon_core.shell:Creating package script '/home/shahrukh/ws_magna/install/magna_moveit/share/magna_moveit/package.sh'
[16.722s] INFO:colcon.colcon_core.shell:Creating package script '/home/shahrukh/ws_magna/install/magna_moveit/share/magna_moveit/package.bash'
[16.744s] INFO:colcon.colcon_core.shell:Creating package script '/home/shahrukh/ws_magna/install/magna_moveit/share/magna_moveit/package.zsh'
[16.748s] Level 1:colcon.colcon_core.environment:create_file_with_runtime_dependencies(/home/shahrukh/ws_magna/install/magna_moveit/share/colcon-core/packages/magna_moveit)
[101.895s] DEBUG:colcon.colcon_parallel_executor.executor.parallel:closing loop
[101.938s] DEBUG:colcon.colcon_parallel_executor.executor.parallel:loop closed
[101.938s] DEBUG:colcon.colcon_parallel_executor.executor.parallel:run_until_complete finished with '2'
[101.939s] DEBUG:colcon.colcon_core.event_reactor:joining thread
[105.595s] INFO:colcon.colcon_core.plugin_system:Skipping extension 'colcon_notification.desktop_notification.terminal_notifier': Not used on non-Darwin systems
[105.596s] INFO:colcon.colcon_core.plugin_system:Skipping extension 'colcon_notification.desktop_notification.win32': Not used on non-Windows systems
[105.596s] INFO:colcon.colcon_notification.desktop_notification:Sending desktop notification using 'notify2'
[105.758s] DEBUG:colcon.colcon_core.event_reactor:joined thread
[105.828s] INFO:colcon.colcon_core.shell:Creating prefix script '/home/shahrukh/ws_magna/install/local_setup.ps1'
[105.867s] INFO:colcon.colcon_core.shell:Creating prefix util module '/home/shahrukh/ws_magna/install/_local_setup_util_ps1.py'
[105.904s] INFO:colcon.colcon_core.shell:Creating prefix chain script '/home/shahrukh/ws_magna/install/setup.ps1'
[106.209s] INFO:colcon.colcon_core.shell:Creating prefix script '/home/shahrukh/ws_magna/install/local_setup.sh'
[106.210s] INFO:colcon.colcon_core.shell:Creating prefix util module '/home/shahrukh/ws_magna/install/_local_setup_util_sh.py'
[106.212s] INFO:colcon.colcon_core.shell:Creating prefix chain script '/home/shahrukh/ws_magna/install/setup.sh'
[106.268s] INFO:colcon.colcon_core.shell:Creating prefix script '/home/shahrukh/ws_magna/install/local_setup.bash'
[106.270s] INFO:colcon.colcon_core.shell:Creating prefix chain script '/home/shahrukh/ws_magna/install/setup.bash'
[106.308s] INFO:colcon.colcon_core.shell:Creating prefix script '/home/shahrukh/ws_magna/install/local_setup.zsh'
[106.309s] INFO:colcon.colcon_core.shell:Creating prefix chain script '/home/shahrukh/ws_magna/install/setup.zsh'
