[0.102s] Invoking command in '/home/shahrukh/ws_magna/build/moveit_visual_tools': CMAKE_PREFIX_PATH=${CMAKE_PREFIX_PATH}:/home/shahrukh/ws_moveit2/install/moveit_configs_utils:/home/shahrukh/ws_moveit2/install/launch_param_builder:/opt/ros/humble /usr/bin/cmake /home/shahrukh/ws_magna/src/moveit_visual_tools -DCMAKE_BUILD_TYPE=Debug -DCMAKE_INSTALL_PREFIX=/home/shahrukh/ws_magna/install/moveit_visual_tools
[0.388s] -- The C compiler identification is GNU 11.4.0
[0.483s] -- The CXX compiler identification is GNU 11.4.0
[0.497s] -- Detecting C compiler ABI info
[0.655s] -- Detecting C compiler ABI info - done
[0.667s] -- Check for working C compiler: /usr/bin/cc - skipped
[0.667s] -- Detecting C compile features
[0.667s] -- Detecting C compile features - done
[0.671s] -- Detecting CXX compiler ABI info
[0.866s] -- Detecting CXX compiler ABI info - done
[0.875s] -- Check for working CXX compiler: /usr/bin/c++ - skipped
[0.876s] -- Detecting CXX compile features
[0.876s] -- Detecting CXX compile features - done
[0.885s] -- Found moveit_common: 2.5.5 (/home/shahrukh/ws_moveit2/install/moveit_common/share/moveit_common/cmake)
[0.897s] -- Found ament_cmake: 1.3.5 (/opt/ros/humble/share/ament_cmake/cmake)
[1.253s] -- Found Python3: /usr/bin/python3.10 (found version "3.10.12") found components: Interpreter 
[1.656s] -- Found libdw: /usr/lib/x86_64-linux-gnu/libdw.so  
[1.666s] -- Could NOT find libbfd (missing: LIBBFD_LIBRARY LIBBFD_INCLUDE_DIR) 
[1.666s] -- BACKWARD_HAS_UNWIND=1
[1.666s] -- BACKWARD_HAS_BACKTRACE=0
[1.666s] -- BACKWARD_HAS_BACKTRACE_SYMBOL=0
[1.666s] -- BACKWARD_HAS_DW=1
[1.666s] -- BACKWARD_HAS_BFD=0
[1.666s] -- Found Backward: /opt/ros/humble/share/backward_ros/cmake  
[1.699s] -- Found Boost: /usr/lib/x86_64-linux-gnu/cmake/Boost-1.74.0/BoostConfig.cmake (found version "1.74.0") found components: system 
[1.725s] -- Found geometry_msgs: 4.2.3 (/opt/ros/humble/share/geometry_msgs/cmake)
[1.840s] -- Found rosidl_generator_c: 3.1.5 (/opt/ros/humble/share/rosidl_generator_c/cmake)
[1.862s] -- Found rosidl_adapter: 3.1.5 (/opt/ros/humble/share/rosidl_adapter/cmake)
[1.889s] -- Found rosidl_generator_cpp: 3.1.5 (/opt/ros/humble/share/rosidl_generator_cpp/cmake)
[1.923s] -- Using all available rosidl_typesupport_c: rosidl_typesupport_fastrtps_c;rosidl_typesupport_introspection_c
[1.973s] -- Using all available rosidl_typesupport_cpp: rosidl_typesupport_fastrtps_cpp;rosidl_typesupport_introspection_cpp
[2.187s] -- Found graph_msgs: 0.2.0 (/opt/ros/humble/share/graph_msgs/cmake)
[2.299s] -- Found moveit_core: 2.5.5 (/home/shahrukh/ws_moveit2/install/moveit_core/share/moveit_core/cmake)
[2.941s] -- Found Boost: /usr/lib/x86_64-linux-gnu/cmake/Boost-1.74.0/BoostConfig.cmake (found version "1.74.0") found components: chrono date_time filesystem iostreams program_options regex serialization system thread 
[3.116s] -- Found parameter_traits: 0.3.6 (/opt/ros/humble/share/parameter_traits/cmake)
[3.277s] -- Found rmw_implementation_cmake: 6.1.1 (/opt/ros/humble/share/rmw_implementation_cmake/cmake)
[3.290s] -- Found rmw_fastrtps_cpp: 6.2.4 (/opt/ros/humble/share/rmw_fastrtps_cpp/cmake)
[3.624s] -- Found OpenSSL: /usr/lib/x86_64-linux-gnu/libcrypto.so (found version "3.0.2")  
[3.687s] -- Found FastRTPS: /opt/ros/humble/include  
[3.782s] -- Using RMW implementation 'rmw_fastrtps_cpp' as default
[3.816s] -- Found Threads: TRUE  
[4.034s] -- Found rclcpp_lifecycle: 16.0.6 (/opt/ros/humble/share/rclcpp_lifecycle/cmake)
[4.114s] -- Found Boost: /usr/lib/x86_64-linux-gnu/cmake/Boost-1.74.0/BoostConfig.cmake (found version "1.74.0") found components: filesystem 
[4.511s] -- library: /usr/lib/x86_64-linux-gnu/libcurl.so
[4.922s] -- Found Eigen3: TRUE (found version "3.4.0") 
[4.922s] -- Ensuring Eigen3 include directory is part of orocos-kdl CMake target
[6.405s] -- Found moveit_ros_planning: 2.5.5 (/home/shahrukh/ws_moveit2/install/moveit_ros_planning/share/moveit_ros_planning/cmake)
[6.411s] -- Found Boost: /usr/lib/x86_64-linux-gnu/cmake/Boost-1.74.0/BoostConfig.cmake (found version "1.74.0") found components: system filesystem date_time program_options thread chrono 
[6.934s] -- Found rviz_visual_tools: 4.1.4 (/opt/ros/humble/share/rviz_visual_tools/cmake)
[7.602s] -- Setting OGRE_DIR to: '/opt/ros/humble/share/rviz_ogre_vendor/cmake/../../../opt/rviz_ogre_vendor/lib/OGRE/cmake'
[7.622s] -- Found OGRE
[7.623s] --   static     : OFF
[7.623s] --   components : HLMS;MeshLodGenerator;Overlay;Paging;Property;RTShaderSystem;Terrain;Volume
[7.623s] --   plugins    : Plugin_BSPSceneManager;Plugin_OctreeSceneManager;Plugin_PCZSceneManager;Plugin_ParticleFX;RenderSystem_GL;RenderSystem_GL3Plus;Codec_STBI
[7.623s] --   media      : /opt/ros/humble/opt/rviz_ogre_vendor/share/OGRE/Media
[7.624s] -- OGRE_LIBRARIES: OgreHLMS;OgreMeshLodGenerator;OgreOverlay;OgrePaging;OgreProperty;OgreRTShaderSystem;OgreTerrain;OgreVolume;OgreMain
[7.624s] -- OGRE_LIBRARY_DIRS: /opt/ros/humble/opt/rviz_ogre_vendor/lib
[7.624s] -- OGRE_PLUGINS: Plugin_BSPSceneManager;Plugin_OctreeSceneManager;Plugin_PCZSceneManager;Plugin_ParticleFX;RenderSystem_GL;RenderSystem_GL3Plus;Codec_STBI
[7.625s] -- OGRE_PLUGIN_DIR: /opt/ros/humble/opt/rviz_ogre_vendor/lib/OGRE
[7.625s] -- rviz_ogre_vendor::OgreOverlay for IMPORTED_LOCATION_RELEASE: /opt/ros/humble/opt/rviz_ogre_vendor/lib/libOgreOverlay.so
[7.625s] -- rviz_ogre_vendor::OgreOverlay for IMPORTED_LOCATION_DEBUG: /opt/ros/humble/opt/rviz_ogre_vendor/lib/libOgreOverlay.so
[7.625s] -- rviz_ogre_vendor::OgreMain for IMPORTED_LOCATION_RELEASE: /opt/ros/humble/opt/rviz_ogre_vendor/lib/libOgreMain.so
[7.626s] -- rviz_ogre_vendor::OgreMain for IMPORTED_LOCATION_DEBUG: /opt/ros/humble/opt/rviz_ogre_vendor/lib/libOgreMain.so
[7.629s] -- Could not find freeimage library
[7.836s] -- Found ZLIB: /usr/lib/x86_64-linux-gnu/libz.so (found version "1.2.11") 
[7.895s] -- Found OpenGL: /usr/lib/x86_64-linux-gnu/libOpenGL.so   
[8.505s] -- Found X11: /usr/include   
[8.508s] -- Looking for XOpenDisplay in /usr/lib/x86_64-linux-gnu/libX11.so;/usr/lib/x86_64-linux-gnu/libXext.so
[8.866s] -- Looking for XOpenDisplay in /usr/lib/x86_64-linux-gnu/libX11.so;/usr/lib/x86_64-linux-gnu/libXext.so - found
[8.866s] -- Looking for gethostbyname
[9.142s] -- Looking for gethostbyname - found
[9.142s] -- Looking for connect
[9.444s] -- Looking for connect - found
[9.445s] -- Looking for remove
[9.776s] -- Looking for remove - found
[9.776s] -- Looking for shmat
[10.054s] -- Looking for shmat - found
[10.054s] -- Looking for IceConnectionNumber in ICE
[10.364s] -- Looking for IceConnectionNumber in ICE - found
[10.371s] -- rviz_ogre_vendor::RenderSystem_GL for IMPORTED_LOCATION_RELEASE: _render_system_gl_static_library_abs-NOTFOUND
[10.371s] -- rviz_ogre_vendor::RenderSystem_GL for IMPORTED_LOCATION_DEBUG: _render_system_gl_static_library_abs-NOTFOUND
[11.556s] -- Found ament_lint_auto: 0.12.8 (/opt/ros/humble/share/ament_lint_auto/cmake)
[11.625s] -- Added test 'copyright' to check source files copyright and LICENSE
[11.628s] -- Added test 'flake8' to check Python code syntax and style conventions
[11.631s] -- Added test 'lint_cmake' to check CMake code style
[11.633s] -- Added test 'pep257' to check Python code against some of the docstring style conventions in PEP 257
[11.636s] -- Added test 'xmllint' to check XML markup files
[11.641s] -- Configuring done
[12.003s] -- Generating done
[12.006s] -- Build files have been written to: /home/shahrukh/ws_magna/build/moveit_visual_tools
